mode: set
github.com/LerianStudio/midaz/components/mdz/pkg/cmd/account/account.go:14.54,20.2 5 0
github.com/LerianStudio/midaz/components/mdz/pkg/cmd/account/account.go:22.55,44.2 5 0
github.com/LerianStudio/midaz/components/mdz/pkg/cmd/account/create.go:45.75,48.74 2 1
github.com/LerianStudio/midaz/components/mdz/pkg/cmd/account/create.go:48.74,50.17 2 1
github.com/LerianStudio/midaz/components/mdz/pkg/cmd/account/create.go:50.17,52.4 1 0
github.com/LerianStudio/midaz/components/mdz/pkg/cmd/account/create.go:54.3,54.24 1 1
github.com/LerianStudio/midaz/components/mdz/pkg/cmd/account/create.go:57.2,57.62 1 1
github.com/LerianStudio/midaz/components/mdz/pkg/cmd/account/create.go:57.62,59.17 2 1
github.com/LerianStudio/midaz/components/mdz/pkg/cmd/account/create.go:59.17,61.4 1 0
github.com/LerianStudio/midaz/components/mdz/pkg/cmd/account/create.go:63.3,63.18 1 1
github.com/LerianStudio/midaz/components/mdz/pkg/cmd/account/create.go:66.2,66.68 1 1
github.com/LerianStudio/midaz/components/mdz/pkg/cmd/account/create.go:66.68,68.17 2 1
github.com/LerianStudio/midaz/components/mdz/pkg/cmd/account/create.go:68.17,70.4 1 0
github.com/LerianStudio/midaz/components/mdz/pkg/cmd/account/create.go:72.3,72.21 1 1
github.com/LerianStudio/midaz/components/mdz/pkg/cmd/account/create.go:75.2,75.38 1 1
github.com/LerianStudio/midaz/components/mdz/pkg/cmd/account/create.go:75.38,77.17 2 0
github.com/LerianStudio/midaz/components/mdz/pkg/cmd/account/create.go:77.17,81.4 1 0
github.com/LerianStudio/midaz/components/mdz/pkg/cmd/account/create.go:82.8,84.17 2 1
github.com/LerianStudio/midaz/components/mdz/pkg/cmd/account/create.go:84.17,86.4 1 0
github.com/LerianStudio/midaz/components/mdz/pkg/cmd/account/create.go:89.2,90.16 2 1
github.com/LerianStudio/midaz/components/mdz/pkg/cmd/account/create.go:90.16,92.3 1 0
github.com/LerianStudio/midaz/components/mdz/pkg/cmd/account/create.go:94.2,96.12 2 1
github.com/LerianStudio/midaz/components/mdz/pkg/cmd/account/create.go:99.97,105.16 4 1
github.com/LerianStudio/midaz/components/mdz/pkg/cmd/account/create.go:105.16,107.3 1 0
github.com/LerianStudio/midaz/components/mdz/pkg/cmd/account/create.go:109.2,109.22 1 1
github.com/LerianStudio/midaz/components/mdz/pkg/cmd/account/create.go:109.22,111.3 1 0
github.com/LerianStudio/midaz/components/mdz/pkg/cmd/account/create.go:113.2,115.32 2 1
github.com/LerianStudio/midaz/components/mdz/pkg/cmd/account/create.go:115.32,117.3 1 0
github.com/LerianStudio/midaz/components/mdz/pkg/cmd/account/create.go:119.2,119.26 1 1
github.com/LerianStudio/midaz/components/mdz/pkg/cmd/account/create.go:119.26,121.3 1 0
github.com/LerianStudio/midaz/components/mdz/pkg/cmd/account/create.go:123.2,123.28 1 1
github.com/LerianStudio/midaz/components/mdz/pkg/cmd/account/create.go:123.28,125.3 1 1
github.com/LerianStudio/midaz/components/mdz/pkg/cmd/account/create.go:127.2,127.25 1 1
github.com/LerianStudio/midaz/components/mdz/pkg/cmd/account/create.go:127.25,129.3 1 0
github.com/LerianStudio/midaz/components/mdz/pkg/cmd/account/create.go:131.2,133.27 2 1
github.com/LerianStudio/midaz/components/mdz/pkg/cmd/account/create.go:133.27,135.3 1 1
github.com/LerianStudio/midaz/components/mdz/pkg/cmd/account/create.go:137.2,137.29 1 1
github.com/LerianStudio/midaz/components/mdz/pkg/cmd/account/create.go:137.29,139.17 2 0
github.com/LerianStudio/midaz/components/mdz/pkg/cmd/account/create.go:139.17,141.4 1 0
github.com/LerianStudio/midaz/components/mdz/pkg/cmd/account/create.go:143.3,143.36 1 0
github.com/LerianStudio/midaz/components/mdz/pkg/cmd/account/create.go:146.2,146.31 1 1
github.com/LerianStudio/midaz/components/mdz/pkg/cmd/account/create.go:146.31,148.17 2 0
github.com/LerianStudio/midaz/components/mdz/pkg/cmd/account/create.go:148.17,150.4 1 0
github.com/LerianStudio/midaz/components/mdz/pkg/cmd/account/create.go:152.3,152.41 1 0
github.com/LerianStudio/midaz/components/mdz/pkg/cmd/account/create.go:155.2,156.70 2 1
github.com/LerianStudio/midaz/components/mdz/pkg/cmd/account/create.go:156.70,158.3 1 0
github.com/LerianStudio/midaz/components/mdz/pkg/cmd/account/create.go:160.2,162.12 2 1
github.com/LerianStudio/midaz/components/mdz/pkg/cmd/account/create.go:165.61,183.2 17 1
github.com/LerianStudio/midaz/components/mdz/pkg/cmd/account/create.go:185.67,191.2 1 0
github.com/LerianStudio/midaz/components/mdz/pkg/cmd/account/create.go:193.66,214.2 3 1
github.com/LerianStudio/midaz/components/mdz/pkg/cmd/account/delete.go:24.74,25.74 1 1
github.com/LerianStudio/midaz/components/mdz/pkg/cmd/account/delete.go:25.74,27.17 2 1
github.com/LerianStudio/midaz/components/mdz/pkg/cmd/account/delete.go:27.17,29.4 1 0
github.com/LerianStudio/midaz/components/mdz/pkg/cmd/account/delete.go:31.3,31.24 1 1
github.com/LerianStudio/midaz/components/mdz/pkg/cmd/account/delete.go:34.2,34.62 1 1
github.com/LerianStudio/midaz/components/mdz/pkg/cmd/account/delete.go:34.62,36.17 2 1
github.com/LerianStudio/midaz/components/mdz/pkg/cmd/account/delete.go:36.17,38.4 1 0
github.com/LerianStudio/midaz/components/mdz/pkg/cmd/account/delete.go:40.3,40.18 1 1
github.com/LerianStudio/midaz/components/mdz/pkg/cmd/account/delete.go:43.2,43.67 1 1
github.com/LerianStudio/midaz/components/mdz/pkg/cmd/account/delete.go:43.67,45.17 2 1
github.com/LerianStudio/midaz/components/mdz/pkg/cmd/account/delete.go:45.17,47.4 1 0
github.com/LerianStudio/midaz/components/mdz/pkg/cmd/account/delete.go:49.3,49.21 1 1
github.com/LerianStudio/midaz/components/mdz/pkg/cmd/account/delete.go:52.2,52.64 1 1
github.com/LerianStudio/midaz/components/mdz/pkg/cmd/account/delete.go:52.64,54.17 2 1
github.com/LerianStudio/midaz/components/mdz/pkg/cmd/account/delete.go:54.17,56.4 1 0
github.com/LerianStudio/midaz/components/mdz/pkg/cmd/account/delete.go:58.3,58.19 1 1
github.com/LerianStudio/midaz/components/mdz/pkg/cmd/account/delete.go:61.2,61.12 1 1
github.com/LerianStudio/midaz/components/mdz/pkg/cmd/account/delete.go:64.75,65.47 1 1
github.com/LerianStudio/midaz/components/mdz/pkg/cmd/account/delete.go:65.47,67.3 1 0
github.com/LerianStudio/midaz/components/mdz/pkg/cmd/account/delete.go:69.2,70.16 2 1
github.com/LerianStudio/midaz/components/mdz/pkg/cmd/account/delete.go:70.16,72.3 1 0
github.com/LerianStudio/midaz/components/mdz/pkg/cmd/account/delete.go:74.2,76.12 2 1
github.com/LerianStudio/midaz/components/mdz/pkg/cmd/account/delete.go:79.61,85.2 5 1
github.com/LerianStudio/midaz/components/mdz/pkg/cmd/account/delete.go:87.67,93.2 1 0
github.com/LerianStudio/midaz/components/mdz/pkg/cmd/account/delete.go:95.66,115.2 3 1
github.com/LerianStudio/midaz/components/mdz/pkg/cmd/account/describe.go:32.76,33.74 1 1
github.com/LerianStudio/midaz/components/mdz/pkg/cmd/account/describe.go:33.74,35.17 2 1
github.com/LerianStudio/midaz/components/mdz/pkg/cmd/account/describe.go:35.17,37.4 1 0
github.com/LerianStudio/midaz/components/mdz/pkg/cmd/account/describe.go:39.3,39.24 1 1
github.com/LerianStudio/midaz/components/mdz/pkg/cmd/account/describe.go:42.2,42.62 1 1
github.com/LerianStudio/midaz/components/mdz/pkg/cmd/account/describe.go:42.62,44.17 2 1
github.com/LerianStudio/midaz/components/mdz/pkg/cmd/account/describe.go:44.17,46.4 1 0
github.com/LerianStudio/midaz/components/mdz/pkg/cmd/account/describe.go:48.3,48.18 1 1
github.com/LerianStudio/midaz/components/mdz/pkg/cmd/account/describe.go:51.2,51.68 1 1
github.com/LerianStudio/midaz/components/mdz/pkg/cmd/account/describe.go:51.68,53.17 2 1
github.com/LerianStudio/midaz/components/mdz/pkg/cmd/account/describe.go:53.17,55.4 1 0
github.com/LerianStudio/midaz/components/mdz/pkg/cmd/account/describe.go:57.3,57.21 1 1
github.com/LerianStudio/midaz/components/mdz/pkg/cmd/account/describe.go:60.2,60.64 1 1
github.com/LerianStudio/midaz/components/mdz/pkg/cmd/account/describe.go:60.64,62.17 2 1
github.com/LerianStudio/midaz/components/mdz/pkg/cmd/account/describe.go:62.17,64.4 1 0
github.com/LerianStudio/midaz/components/mdz/pkg/cmd/account/describe.go:66.3,66.19 1 1
github.com/LerianStudio/midaz/components/mdz/pkg/cmd/account/describe.go:69.2,69.12 1 1
github.com/LerianStudio/midaz/components/mdz/pkg/cmd/account/describe.go:72.77,73.47 1 1
github.com/LerianStudio/midaz/components/mdz/pkg/cmd/account/describe.go:73.47,75.3 1 0
github.com/LerianStudio/midaz/components/mdz/pkg/cmd/account/describe.go:77.2,78.16 2 1
github.com/LerianStudio/midaz/components/mdz/pkg/cmd/account/describe.go:78.16,80.3 1 0
github.com/LerianStudio/midaz/components/mdz/pkg/cmd/account/describe.go:82.2,82.38 1 1
github.com/LerianStudio/midaz/components/mdz/pkg/cmd/account/describe.go:85.99,86.42 1 1
github.com/LerianStudio/midaz/components/mdz/pkg/cmd/account/describe.go:86.42,88.17 2 0
github.com/LerianStudio/midaz/components/mdz/pkg/cmd/account/describe.go:88.17,90.4 1 0
github.com/LerianStudio/midaz/components/mdz/pkg/cmd/account/describe.go:92.3,92.33 1 0
github.com/LerianStudio/midaz/components/mdz/pkg/cmd/account/describe.go:92.33,93.23 1 0
github.com/LerianStudio/midaz/components/mdz/pkg/cmd/account/describe.go:93.23,95.5 1 0
github.com/LerianStudio/midaz/components/mdz/pkg/cmd/account/describe.go:97.4,98.18 2 0
github.com/LerianStudio/midaz/components/mdz/pkg/cmd/account/describe.go:98.18,100.5 1 0
github.com/LerianStudio/midaz/components/mdz/pkg/cmd/account/describe.go:102.4,104.14 2 0
github.com/LerianStudio/midaz/components/mdz/pkg/cmd/account/describe.go:107.3,109.13 2 0
github.com/LerianStudio/midaz/components/mdz/pkg/cmd/account/describe.go:112.2,114.12 2 1
github.com/LerianStudio/midaz/components/mdz/pkg/cmd/account/describe.go:117.73,120.24 2 1
github.com/LerianStudio/midaz/components/mdz/pkg/cmd/account/describe.go:120.24,124.3 3 1
github.com/LerianStudio/midaz/components/mdz/pkg/cmd/account/describe.go:126.2,132.29 5 1
github.com/LerianStudio/midaz/components/mdz/pkg/cmd/account/describe.go:132.29,134.3 1 0
github.com/LerianStudio/midaz/components/mdz/pkg/cmd/account/describe.go:136.2,136.30 1 1
github.com/LerianStudio/midaz/components/mdz/pkg/cmd/account/describe.go:136.30,138.3 1 0
github.com/LerianStudio/midaz/components/mdz/pkg/cmd/account/describe.go:140.2,140.36 1 1
github.com/LerianStudio/midaz/components/mdz/pkg/cmd/account/describe.go:140.36,142.3 1 0
github.com/LerianStudio/midaz/components/mdz/pkg/cmd/account/describe.go:144.2,144.26 1 1
github.com/LerianStudio/midaz/components/mdz/pkg/cmd/account/describe.go:144.26,146.3 1 0
github.com/LerianStudio/midaz/components/mdz/pkg/cmd/account/describe.go:148.2,151.39 3 1
github.com/LerianStudio/midaz/components/mdz/pkg/cmd/account/describe.go:151.39,153.3 1 1
github.com/LerianStudio/midaz/components/mdz/pkg/cmd/account/describe.go:155.2,160.30 5 1
github.com/LerianStudio/midaz/components/mdz/pkg/cmd/account/describe.go:160.30,162.3 1 0
github.com/LerianStudio/midaz/components/mdz/pkg/cmd/account/describe.go:164.2,166.13 2 1
github.com/LerianStudio/midaz/components/mdz/pkg/cmd/account/describe.go:169.63,177.2 7 1
github.com/LerianStudio/midaz/components/mdz/pkg/cmd/account/describe.go:179.71,185.2 1 0
github.com/LerianStudio/midaz/components/mdz/pkg/cmd/account/describe.go:187.70,206.2 3 1
github.com/LerianStudio/midaz/components/mdz/pkg/cmd/account/list.go:33.72,34.74 1 1
github.com/LerianStudio/midaz/components/mdz/pkg/cmd/account/list.go:34.74,36.17 2 1
github.com/LerianStudio/midaz/components/mdz/pkg/cmd/account/list.go:36.17,38.4 1 0
github.com/LerianStudio/midaz/components/mdz/pkg/cmd/account/list.go:40.3,40.24 1 1
github.com/LerianStudio/midaz/components/mdz/pkg/cmd/account/list.go:43.2,43.62 1 1
github.com/LerianStudio/midaz/components/mdz/pkg/cmd/account/list.go:43.62,45.17 2 1
github.com/LerianStudio/midaz/components/mdz/pkg/cmd/account/list.go:45.17,47.4 1 0
github.com/LerianStudio/midaz/components/mdz/pkg/cmd/account/list.go:49.3,49.18 1 1
github.com/LerianStudio/midaz/components/mdz/pkg/cmd/account/list.go:52.2,52.68 1 1
github.com/LerianStudio/midaz/components/mdz/pkg/cmd/account/list.go:52.68,54.17 2 1
github.com/LerianStudio/midaz/components/mdz/pkg/cmd/account/list.go:54.17,56.4 1 0
github.com/LerianStudio/midaz/components/mdz/pkg/cmd/account/list.go:58.3,58.21 1 1
github.com/LerianStudio/midaz/components/mdz/pkg/cmd/account/list.go:61.2,61.26 1 1
github.com/LerianStudio/midaz/components/mdz/pkg/cmd/account/list.go:61.26,62.57 1 1
github.com/LerianStudio/midaz/components/mdz/pkg/cmd/account/list.go:62.57,64.4 1 0
github.com/LerianStudio/midaz/components/mdz/pkg/cmd/account/list.go:67.2,67.24 1 1
github.com/LerianStudio/midaz/components/mdz/pkg/cmd/account/list.go:67.24,68.55 1 1
github.com/LerianStudio/midaz/components/mdz/pkg/cmd/account/list.go:68.55,70.4 1 0
github.com/LerianStudio/midaz/components/mdz/pkg/cmd/account/list.go:73.2,73.12 1 1
github.com/LerianStudio/midaz/components/mdz/pkg/cmd/account/list.go:76.73,77.47 1 1
github.com/LerianStudio/midaz/components/mdz/pkg/cmd/account/list.go:77.47,79.3 1 0
github.com/LerianStudio/midaz/components/mdz/pkg/cmd/account/list.go:81.2,85.16 2 1
github.com/LerianStudio/midaz/components/mdz/pkg/cmd/account/list.go:85.16,87.3 1 0
github.com/LerianStudio/midaz/components/mdz/pkg/cmd/account/list.go:89.2,89.12 1 1
github.com/LerianStudio/midaz/components/mdz/pkg/cmd/account/list.go:89.12,91.17 2 0
github.com/LerianStudio/midaz/components/mdz/pkg/cmd/account/list.go:91.17,93.4 1 0
github.com/LerianStudio/midaz/components/mdz/pkg/cmd/account/list.go:95.3,97.13 2 0
github.com/LerianStudio/midaz/components/mdz/pkg/cmd/account/list.go:100.2,109.24 2 1
github.com/LerianStudio/midaz/components/mdz/pkg/cmd/account/list.go:109.24,113.3 3 1
github.com/LerianStudio/midaz/components/mdz/pkg/cmd/account/list.go:115.2,117.35 2 1
github.com/LerianStudio/midaz/components/mdz/pkg/cmd/account/list.go:117.35,126.3 1 1
github.com/LerianStudio/midaz/components/mdz/pkg/cmd/account/list.go:128.2,130.12 2 1
github.com/LerianStudio/midaz/components/mdz/pkg/cmd/account/list.go:133.59,149.2 10 1
github.com/LerianStudio/midaz/components/mdz/pkg/cmd/account/list.go:151.63,157.2 1 0
github.com/LerianStudio/midaz/components/mdz/pkg/cmd/account/list.go:159.62,180.2 3 1
github.com/LerianStudio/midaz/components/mdz/pkg/cmd/account/update.go:42.74,43.74 1 1
github.com/LerianStudio/midaz/components/mdz/pkg/cmd/account/update.go:43.74,45.17 2 1
github.com/LerianStudio/midaz/components/mdz/pkg/cmd/account/update.go:45.17,47.4 1 0
github.com/LerianStudio/midaz/components/mdz/pkg/cmd/account/update.go:49.3,49.24 1 1
github.com/LerianStudio/midaz/components/mdz/pkg/cmd/account/update.go:52.2,52.62 1 1
github.com/LerianStudio/midaz/components/mdz/pkg/cmd/account/update.go:52.62,54.17 2 1
github.com/LerianStudio/midaz/components/mdz/pkg/cmd/account/update.go:54.17,56.4 1 0
github.com/LerianStudio/midaz/components/mdz/pkg/cmd/account/update.go:58.3,58.18 1 1
github.com/LerianStudio/midaz/components/mdz/pkg/cmd/account/update.go:61.2,61.68 1 1
github.com/LerianStudio/midaz/components/mdz/pkg/cmd/account/update.go:61.68,63.17 2 1
github.com/LerianStudio/midaz/components/mdz/pkg/cmd/account/update.go:63.17,65.4 1 0
github.com/LerianStudio/midaz/components/mdz/pkg/cmd/account/update.go:67.3,67.21 1 1
github.com/LerianStudio/midaz/components/mdz/pkg/cmd/account/update.go:70.2,70.64 1 1
github.com/LerianStudio/midaz/components/mdz/pkg/cmd/account/update.go:70.64,72.17 2 1
github.com/LerianStudio/midaz/components/mdz/pkg/cmd/account/update.go:72.17,74.4 1 0
github.com/LerianStudio/midaz/components/mdz/pkg/cmd/account/update.go:76.3,76.19 1 1
github.com/LerianStudio/midaz/components/mdz/pkg/cmd/account/update.go:79.2,79.12 1 1
github.com/LerianStudio/midaz/components/mdz/pkg/cmd/account/update.go:82.75,85.47 2 1
github.com/LerianStudio/midaz/components/mdz/pkg/cmd/account/update.go:85.47,87.3 1 0
github.com/LerianStudio/midaz/components/mdz/pkg/cmd/account/update.go:89.2,89.38 1 1
github.com/LerianStudio/midaz/components/mdz/pkg/cmd/account/update.go:89.38,91.17 2 0
github.com/LerianStudio/midaz/components/mdz/pkg/cmd/account/update.go:91.17,95.4 1 0
github.com/LerianStudio/midaz/components/mdz/pkg/cmd/account/update.go:96.8,98.17 2 1
github.com/LerianStudio/midaz/components/mdz/pkg/cmd/account/update.go:98.17,100.4 1 0
github.com/LerianStudio/midaz/components/mdz/pkg/cmd/account/update.go:103.2,104.16 2 1
github.com/LerianStudio/midaz/components/mdz/pkg/cmd/account/update.go:104.16,106.3 1 0
github.com/LerianStudio/midaz/components/mdz/pkg/cmd/account/update.go:108.2,110.12 2 1
github.com/LerianStudio/midaz/components/mdz/pkg/cmd/account/update.go:113.97,117.34 3 1
github.com/LerianStudio/midaz/components/mdz/pkg/cmd/account/update.go:117.34,119.3 1 1
github.com/LerianStudio/midaz/components/mdz/pkg/cmd/account/update.go:121.2,121.29 1 1
github.com/LerianStudio/midaz/components/mdz/pkg/cmd/account/update.go:121.29,123.17 2 0
github.com/LerianStudio/midaz/components/mdz/pkg/cmd/account/update.go:123.17,125.4 1 0
github.com/LerianStudio/midaz/components/mdz/pkg/cmd/account/update.go:127.3,127.36 1 0
github.com/LerianStudio/midaz/components/mdz/pkg/cmd/account/update.go:130.2,130.31 1 1
github.com/LerianStudio/midaz/components/mdz/pkg/cmd/account/update.go:130.31,132.17 2 0
github.com/LerianStudio/midaz/components/mdz/pkg/cmd/account/update.go:132.17,134.4 1 0
github.com/LerianStudio/midaz/components/mdz/pkg/cmd/account/update.go:136.3,136.41 1 0
github.com/LerianStudio/midaz/components/mdz/pkg/cmd/account/update.go:139.2,139.22 1 1
github.com/LerianStudio/midaz/components/mdz/pkg/cmd/account/update.go:139.22,141.3 1 0
github.com/LerianStudio/midaz/components/mdz/pkg/cmd/account/update.go:143.2,143.26 1 1
github.com/LerianStudio/midaz/components/mdz/pkg/cmd/account/update.go:143.26,145.3 1 0
github.com/LerianStudio/midaz/components/mdz/pkg/cmd/account/update.go:147.2,148.70 2 1
github.com/LerianStudio/midaz/components/mdz/pkg/cmd/account/update.go:148.70,150.3 1 0
github.com/LerianStudio/midaz/components/mdz/pkg/cmd/account/update.go:152.2,154.12 2 1
github.com/LerianStudio/midaz/components/mdz/pkg/cmd/account/update.go:157.61,176.2 14 1
github.com/LerianStudio/midaz/components/mdz/pkg/cmd/account/update.go:178.67,184.2 1 0
github.com/LerianStudio/midaz/components/mdz/pkg/cmd/account/update.go:186.66,208.2 3 1
github.com/LerianStudio/midaz/components/mdz/pkg/cmd/configure/configure.go:30.71,32.16 2 1
github.com/LerianStudio/midaz/components/mdz/pkg/cmd/configure/configure.go:32.16,34.3 1 0
github.com/LerianStudio/midaz/components/mdz/pkg/cmd/configure/configure.go:36.2,36.39 1 1
github.com/LerianStudio/midaz/components/mdz/pkg/cmd/configure/configure.go:36.39,38.17 2 0
github.com/LerianStudio/midaz/components/mdz/pkg/cmd/configure/configure.go:38.17,40.4 1 0
github.com/LerianStudio/midaz/components/mdz/pkg/cmd/configure/configure.go:42.3,42.24 1 0
github.com/LerianStudio/midaz/components/mdz/pkg/cmd/configure/configure.go:45.2,45.25 1 1
github.com/LerianStudio/midaz/components/mdz/pkg/cmd/configure/configure.go:45.25,47.3 1 1
github.com/LerianStudio/midaz/components/mdz/pkg/cmd/configure/configure.go:49.2,49.43 1 1
github.com/LerianStudio/midaz/components/mdz/pkg/cmd/configure/configure.go:49.43,51.17 2 1
github.com/LerianStudio/midaz/components/mdz/pkg/cmd/configure/configure.go:51.17,53.4 1 0
github.com/LerianStudio/midaz/components/mdz/pkg/cmd/configure/configure.go:55.3,55.32 1 1
github.com/LerianStudio/midaz/components/mdz/pkg/cmd/configure/configure.go:58.2,58.29 1 1
github.com/LerianStudio/midaz/components/mdz/pkg/cmd/configure/configure.go:58.29,60.3 1 1
github.com/LerianStudio/midaz/components/mdz/pkg/cmd/configure/configure.go:62.2,62.42 1 1
github.com/LerianStudio/midaz/components/mdz/pkg/cmd/configure/configure.go:62.42,64.17 2 0
github.com/LerianStudio/midaz/components/mdz/pkg/cmd/configure/configure.go:64.17,66.4 1 0
github.com/LerianStudio/midaz/components/mdz/pkg/cmd/configure/configure.go:68.3,68.28 1 0
github.com/LerianStudio/midaz/components/mdz/pkg/cmd/configure/configure.go:71.2,71.27 1 1
github.com/LerianStudio/midaz/components/mdz/pkg/cmd/configure/configure.go:71.27,73.3 1 1
github.com/LerianStudio/midaz/components/mdz/pkg/cmd/configure/configure.go:75.2,75.44 1 1
github.com/LerianStudio/midaz/components/mdz/pkg/cmd/configure/configure.go:75.44,77.17 2 0
github.com/LerianStudio/midaz/components/mdz/pkg/cmd/configure/configure.go:77.17,79.4 1 0
github.com/LerianStudio/midaz/components/mdz/pkg/cmd/configure/configure.go:81.3,81.32 1 0
github.com/LerianStudio/midaz/components/mdz/pkg/cmd/configure/configure.go:84.2,84.29 1 1
github.com/LerianStudio/midaz/components/mdz/pkg/cmd/configure/configure.go:84.29,86.3 1 1
github.com/LerianStudio/midaz/components/mdz/pkg/cmd/configure/configure.go:88.2,89.16 2 1
github.com/LerianStudio/midaz/components/mdz/pkg/cmd/configure/configure.go:89.16,91.3 1 0
github.com/LerianStudio/midaz/components/mdz/pkg/cmd/configure/configure.go:93.2,95.24 2 1
github.com/LerianStudio/midaz/components/mdz/pkg/cmd/configure/configure.go:95.24,99.3 3 1
github.com/LerianStudio/midaz/components/mdz/pkg/cmd/configure/configure.go:101.2,110.12 7 1
github.com/LerianStudio/midaz/components/mdz/pkg/cmd/configure/configure.go:113.57,119.2 5 1
github.com/LerianStudio/midaz/components/mdz/pkg/cmd/configure/configure.go:121.66,128.2 1 0
github.com/LerianStudio/midaz/components/mdz/pkg/cmd/configure/configure.go:130.58,152.2 3 1
github.com/LerianStudio/midaz/components/mdz/pkg/cmd/login/browser.go:21.26,23.2 1 0
github.com/LerianStudio/midaz/components/mdz/pkg/cmd/login/browser.go:29.39,38.16 6 0
github.com/LerianStudio/midaz/components/mdz/pkg/cmd/login/browser.go:38.16,43.3 3 0
github.com/LerianStudio/midaz/components/mdz/pkg/cmd/login/browser.go:45.2,50.12 4 0
github.com/LerianStudio/midaz/components/mdz/pkg/cmd/login/browser.go:50.12,55.34 3 0
github.com/LerianStudio/midaz/components/mdz/pkg/cmd/login/browser.go:55.34,61.4 3 0
github.com/LerianStudio/midaz/components/mdz/pkg/cmd/login/browser.go:64.2,67.16 3 0
github.com/LerianStudio/midaz/components/mdz/pkg/cmd/login/browser.go:67.16,72.3 3 0
github.com/LerianStudio/midaz/components/mdz/pkg/cmd/login/browser.go:76.52,79.22 2 0
github.com/LerianStudio/midaz/components/mdz/pkg/cmd/login/browser.go:80.15,81.44 1 0
github.com/LerianStudio/midaz/components/mdz/pkg/cmd/login/browser.go:82.17,83.75 1 0
github.com/LerianStudio/midaz/components/mdz/pkg/cmd/login/browser.go:84.16,85.40 1 0
github.com/LerianStudio/midaz/components/mdz/pkg/cmd/login/browser.go:86.10,87.43 1 0
github.com/LerianStudio/midaz/components/mdz/pkg/cmd/login/browser.go:90.2,90.16 1 0
github.com/LerianStudio/midaz/components/mdz/pkg/cmd/login/browser.go:90.16,92.3 1 0
github.com/LerianStudio/midaz/components/mdz/pkg/cmd/login/browser.go:94.2,96.12 2 0
github.com/LerianStudio/midaz/components/mdz/pkg/cmd/login/browser.go:100.80,103.16 2 0
github.com/LerianStudio/midaz/components/mdz/pkg/cmd/login/browser.go:103.16,106.3 2 0
github.com/LerianStudio/midaz/components/mdz/pkg/cmd/login/browser.go:108.2,109.16 2 0
github.com/LerianStudio/midaz/components/mdz/pkg/cmd/login/browser.go:109.16,119.3 4 0
github.com/LerianStudio/midaz/components/mdz/pkg/cmd/login/browser.go:121.2,121.18 1 0
github.com/LerianStudio/midaz/components/mdz/pkg/cmd/login/browser.go:121.18,123.3 1 0
github.com/LerianStudio/midaz/components/mdz/pkg/cmd/login/browser.go:125.2,185.16 5 0
github.com/LerianStudio/midaz/components/mdz/pkg/cmd/login/browser.go:185.16,191.3 3 0
github.com/LerianStudio/midaz/components/mdz/pkg/cmd/login/browser.go:193.2,193.21 1 0
github.com/LerianStudio/midaz/components/mdz/pkg/cmd/login/login.go:28.59,29.24 1 1
github.com/LerianStudio/midaz/components/mdz/pkg/cmd/login/login.go:29.24,31.3 1 1
github.com/LerianStudio/midaz/components/mdz/pkg/cmd/login/login.go:33.2,33.24 1 1
github.com/LerianStudio/midaz/components/mdz/pkg/cmd/login/login.go:33.24,35.3 1 1
github.com/LerianStudio/midaz/components/mdz/pkg/cmd/login/login.go:37.2,37.12 1 1
github.com/LerianStudio/midaz/components/mdz/pkg/cmd/login/login.go:40.67,41.72 1 1
github.com/LerianStudio/midaz/components/mdz/pkg/cmd/login/login.go:41.72,42.69 1 1
github.com/LerianStudio/midaz/components/mdz/pkg/cmd/login/login.go:42.69,44.4 1 1
github.com/LerianStudio/midaz/components/mdz/pkg/cmd/login/login.go:46.3,47.17 2 1
github.com/LerianStudio/midaz/components/mdz/pkg/cmd/login/login.go:47.17,49.4 1 1
github.com/LerianStudio/midaz/components/mdz/pkg/cmd/login/login.go:51.3,51.26 1 1
github.com/LerianStudio/midaz/components/mdz/pkg/cmd/login/login.go:52.8,57.17 2 0
github.com/LerianStudio/midaz/components/mdz/pkg/cmd/login/login.go:57.17,59.4 1 0
github.com/LerianStudio/midaz/components/mdz/pkg/cmd/login/login.go:61.3,62.17 2 0
github.com/LerianStudio/midaz/components/mdz/pkg/cmd/login/login.go:62.17,64.4 1 0
github.com/LerianStudio/midaz/components/mdz/pkg/cmd/login/login.go:67.2,68.16 2 1
github.com/LerianStudio/midaz/components/mdz/pkg/cmd/login/login.go:68.16,70.3 1 0
github.com/LerianStudio/midaz/components/mdz/pkg/cmd/login/login.go:72.2,74.44 2 1
github.com/LerianStudio/midaz/components/mdz/pkg/cmd/login/login.go:74.44,76.3 1 0
github.com/LerianStudio/midaz/components/mdz/pkg/cmd/login/login.go:78.2,80.12 2 1
github.com/LerianStudio/midaz/components/mdz/pkg/cmd/login/login.go:83.61,84.9 1 0
github.com/LerianStudio/midaz/components/mdz/pkg/cmd/login/login.go:85.43,88.27 2 0
github.com/LerianStudio/midaz/components/mdz/pkg/cmd/login/login.go:88.27,90.4 1 0
github.com/LerianStudio/midaz/components/mdz/pkg/cmd/login/login.go:92.3,92.13 1 0
github.com/LerianStudio/midaz/components/mdz/pkg/cmd/login/login.go:93.44,96.69 2 0
github.com/LerianStudio/midaz/components/mdz/pkg/cmd/login/login.go:96.69,98.4 1 0
github.com/LerianStudio/midaz/components/mdz/pkg/cmd/login/login.go:100.3,100.17 1 0
github.com/LerianStudio/midaz/components/mdz/pkg/cmd/login/login.go:100.17,102.4 1 0
github.com/LerianStudio/midaz/components/mdz/pkg/cmd/login/login.go:104.3,104.13 1 0
github.com/LerianStudio/midaz/components/mdz/pkg/cmd/login/login.go:107.2,107.43 1 0
github.com/LerianStudio/midaz/components/mdz/pkg/cmd/login/login.go:110.53,134.2 6 1
github.com/LerianStudio/midaz/components/mdz/pkg/cmd/login/term.go:8.46,11.26 2 0
github.com/LerianStudio/midaz/components/mdz/pkg/cmd/login/term.go:11.26,13.17 2 0
github.com/LerianStudio/midaz/components/mdz/pkg/cmd/login/term.go:13.17,15.4 1 0
github.com/LerianStudio/midaz/components/mdz/pkg/cmd/login/term.go:18.2,18.26 1 0
github.com/LerianStudio/midaz/components/mdz/pkg/cmd/login/term.go:18.26,20.17 2 0
github.com/LerianStudio/midaz/components/mdz/pkg/cmd/login/term.go:20.17,22.4 1 0
github.com/LerianStudio/midaz/components/mdz/pkg/cmd/login/term.go:25.2,28.16 3 0
github.com/LerianStudio/midaz/components/mdz/pkg/cmd/login/term.go:28.16,30.3 1 0
github.com/LerianStudio/midaz/components/mdz/pkg/cmd/login/term.go:32.2,34.12 2 0
github.com/LerianStudio/midaz/components/mdz/pkg/cmd/ledger/create.go:34.74,37.74 2 1
github.com/LerianStudio/midaz/components/mdz/pkg/cmd/ledger/create.go:37.74,39.17 2 0
github.com/LerianStudio/midaz/components/mdz/pkg/cmd/ledger/create.go:39.17,41.4 1 0
github.com/LerianStudio/midaz/components/mdz/pkg/cmd/ledger/create.go:43.3,43.24 1 0
github.com/LerianStudio/midaz/components/mdz/pkg/cmd/ledger/create.go:46.2,46.38 1 1
github.com/LerianStudio/midaz/components/mdz/pkg/cmd/ledger/create.go:46.38,48.17 2 0
github.com/LerianStudio/midaz/components/mdz/pkg/cmd/ledger/create.go:48.17,52.4 1 0
github.com/LerianStudio/midaz/components/mdz/pkg/cmd/ledger/create.go:53.8,55.17 2 1
github.com/LerianStudio/midaz/components/mdz/pkg/cmd/ledger/create.go:55.17,57.4 1 0
github.com/LerianStudio/midaz/components/mdz/pkg/cmd/ledger/create.go:60.2,61.16 2 1
github.com/LerianStudio/midaz/components/mdz/pkg/cmd/ledger/create.go:61.16,63.3 1 0
github.com/LerianStudio/midaz/components/mdz/pkg/cmd/ledger/create.go:65.2,67.12 2 1
github.com/LerianStudio/midaz/components/mdz/pkg/cmd/ledger/create.go:70.91,74.16 3 1
github.com/LerianStudio/midaz/components/mdz/pkg/cmd/ledger/create.go:74.16,76.3 1 0
github.com/LerianStudio/midaz/components/mdz/pkg/cmd/ledger/create.go:78.2,80.28 2 1
github.com/LerianStudio/midaz/components/mdz/pkg/cmd/ledger/create.go:80.28,82.3 1 1
github.com/LerianStudio/midaz/components/mdz/pkg/cmd/ledger/create.go:84.2,85.70 2 1
github.com/LerianStudio/midaz/components/mdz/pkg/cmd/ledger/create.go:85.70,87.3 1 0
github.com/LerianStudio/midaz/components/mdz/pkg/cmd/ledger/create.go:89.2,91.12 2 1
github.com/LerianStudio/midaz/components/mdz/pkg/cmd/ledger/create.go:94.60,110.2 7 1
github.com/LerianStudio/midaz/components/mdz/pkg/cmd/ledger/create.go:112.66,118.2 1 0
github.com/LerianStudio/midaz/components/mdz/pkg/cmd/ledger/create.go:120.64,139.2 3 1
github.com/LerianStudio/midaz/components/mdz/pkg/cmd/ledger/delete.go:22.74,23.74 1 1
github.com/LerianStudio/midaz/components/mdz/pkg/cmd/ledger/delete.go:23.74,25.17 2 0
github.com/LerianStudio/midaz/components/mdz/pkg/cmd/ledger/delete.go:25.17,27.4 1 0
github.com/LerianStudio/midaz/components/mdz/pkg/cmd/ledger/delete.go:29.3,29.24 1 0
github.com/LerianStudio/midaz/components/mdz/pkg/cmd/ledger/delete.go:32.2,32.62 1 1
github.com/LerianStudio/midaz/components/mdz/pkg/cmd/ledger/delete.go:32.62,34.17 2 0
github.com/LerianStudio/midaz/components/mdz/pkg/cmd/ledger/delete.go:34.17,36.4 1 0
github.com/LerianStudio/midaz/components/mdz/pkg/cmd/ledger/delete.go:38.3,38.18 1 0
github.com/LerianStudio/midaz/components/mdz/pkg/cmd/ledger/delete.go:41.2,42.16 2 1
github.com/LerianStudio/midaz/components/mdz/pkg/cmd/ledger/delete.go:42.16,44.3 1 0
github.com/LerianStudio/midaz/components/mdz/pkg/cmd/ledger/delete.go:46.2,48.12 2 1
github.com/LerianStudio/midaz/components/mdz/pkg/cmd/ledger/delete.go:51.60,57.2 3 1
github.com/LerianStudio/midaz/components/mdz/pkg/cmd/ledger/delete.go:59.66,65.2 1 0
github.com/LerianStudio/midaz/components/mdz/pkg/cmd/ledger/delete.go:67.64,84.2 3 1
github.com/LerianStudio/midaz/components/mdz/pkg/cmd/ledger/describe.go:29.76,30.74 1 1
github.com/LerianStudio/midaz/components/mdz/pkg/cmd/ledger/describe.go:30.74,32.17 2 0
github.com/LerianStudio/midaz/components/mdz/pkg/cmd/ledger/describe.go:32.17,34.4 1 0
github.com/LerianStudio/midaz/components/mdz/pkg/cmd/ledger/describe.go:36.3,36.24 1 0
github.com/LerianStudio/midaz/components/mdz/pkg/cmd/ledger/describe.go:39.2,39.62 1 1
github.com/LerianStudio/midaz/components/mdz/pkg/cmd/ledger/describe.go:39.62,41.17 2 0
github.com/LerianStudio/midaz/components/mdz/pkg/cmd/ledger/describe.go:41.17,43.4 1 0
github.com/LerianStudio/midaz/components/mdz/pkg/cmd/ledger/describe.go:45.3,45.18 1 0
github.com/LerianStudio/midaz/components/mdz/pkg/cmd/ledger/describe.go:48.2,49.16 2 1
github.com/LerianStudio/midaz/components/mdz/pkg/cmd/ledger/describe.go:49.16,51.3 1 0
github.com/LerianStudio/midaz/components/mdz/pkg/cmd/ledger/describe.go:53.2,53.42 1 1
github.com/LerianStudio/midaz/components/mdz/pkg/cmd/ledger/describe.go:53.42,55.17 2 0
github.com/LerianStudio/midaz/components/mdz/pkg/cmd/ledger/describe.go:55.17,57.4 1 0
github.com/LerianStudio/midaz/components/mdz/pkg/cmd/ledger/describe.go:59.3,59.33 1 0
github.com/LerianStudio/midaz/components/mdz/pkg/cmd/ledger/describe.go:59.33,60.23 1 0
github.com/LerianStudio/midaz/components/mdz/pkg/cmd/ledger/describe.go:60.23,62.5 1 0
github.com/LerianStudio/midaz/components/mdz/pkg/cmd/ledger/describe.go:64.4,65.18 2 0
github.com/LerianStudio/midaz/components/mdz/pkg/cmd/ledger/describe.go:65.18,67.5 1 0
github.com/LerianStudio/midaz/components/mdz/pkg/cmd/ledger/describe.go:69.4,71.14 2 0
github.com/LerianStudio/midaz/components/mdz/pkg/cmd/ledger/describe.go:74.3,76.13 2 0
github.com/LerianStudio/midaz/components/mdz/pkg/cmd/ledger/describe.go:79.2,81.12 2 1
github.com/LerianStudio/midaz/components/mdz/pkg/cmd/ledger/describe.go:84.67,87.24 2 1
github.com/LerianStudio/midaz/components/mdz/pkg/cmd/ledger/describe.go:87.24,91.3 3 1
github.com/LerianStudio/midaz/components/mdz/pkg/cmd/ledger/describe.go:93.2,101.35 6 1
github.com/LerianStudio/midaz/components/mdz/pkg/cmd/ledger/describe.go:101.35,103.3 1 1
github.com/LerianStudio/midaz/components/mdz/pkg/cmd/ledger/describe.go:105.2,108.26 3 1
github.com/LerianStudio/midaz/components/mdz/pkg/cmd/ledger/describe.go:108.26,110.3 1 0
github.com/LerianStudio/midaz/components/mdz/pkg/cmd/ledger/describe.go:112.2,114.13 2 1
github.com/LerianStudio/midaz/components/mdz/pkg/cmd/ledger/describe.go:117.62,124.2 5 1
github.com/LerianStudio/midaz/components/mdz/pkg/cmd/ledger/describe.go:126.70,131.2 1 0
github.com/LerianStudio/midaz/components/mdz/pkg/cmd/ledger/describe.go:133.68,151.2 3 1
github.com/LerianStudio/midaz/components/mdz/pkg/cmd/ledger/ledger.go:14.53,20.2 5 0
github.com/LerianStudio/midaz/components/mdz/pkg/cmd/ledger/ledger.go:22.54,43.2 5 0
github.com/LerianStudio/midaz/components/mdz/pkg/cmd/ledger/list.go:30.72,31.74 1 1
github.com/LerianStudio/midaz/components/mdz/pkg/cmd/ledger/list.go:31.74,33.17 2 0
github.com/LerianStudio/midaz/components/mdz/pkg/cmd/ledger/list.go:33.17,35.4 1 0
github.com/LerianStudio/midaz/components/mdz/pkg/cmd/ledger/list.go:37.3,37.24 1 0
github.com/LerianStudio/midaz/components/mdz/pkg/cmd/ledger/list.go:40.2,40.26 1 1
github.com/LerianStudio/midaz/components/mdz/pkg/cmd/ledger/list.go:40.26,41.57 1 0
github.com/LerianStudio/midaz/components/mdz/pkg/cmd/ledger/list.go:41.57,43.4 1 0
github.com/LerianStudio/midaz/components/mdz/pkg/cmd/ledger/list.go:46.2,46.24 1 1
github.com/LerianStudio/midaz/components/mdz/pkg/cmd/ledger/list.go:46.24,47.55 1 0
github.com/LerianStudio/midaz/components/mdz/pkg/cmd/ledger/list.go:47.55,49.4 1 0
github.com/LerianStudio/midaz/components/mdz/pkg/cmd/ledger/list.go:52.2,53.16 2 1
github.com/LerianStudio/midaz/components/mdz/pkg/cmd/ledger/list.go:53.16,55.3 1 0
github.com/LerianStudio/midaz/components/mdz/pkg/cmd/ledger/list.go:57.2,57.12 1 1
github.com/LerianStudio/midaz/components/mdz/pkg/cmd/ledger/list.go:57.12,59.17 2 0
github.com/LerianStudio/midaz/components/mdz/pkg/cmd/ledger/list.go:59.17,61.4 1 0
github.com/LerianStudio/midaz/components/mdz/pkg/cmd/ledger/list.go:63.3,65.13 2 0
github.com/LerianStudio/midaz/components/mdz/pkg/cmd/ledger/list.go:68.2,76.24 2 1
github.com/LerianStudio/midaz/components/mdz/pkg/cmd/ledger/list.go:76.24,80.3 3 1
github.com/LerianStudio/midaz/components/mdz/pkg/cmd/ledger/list.go:82.2,84.31 2 1
github.com/LerianStudio/midaz/components/mdz/pkg/cmd/ledger/list.go:84.31,92.3 1 1
github.com/LerianStudio/midaz/components/mdz/pkg/cmd/ledger/list.go:94.2,96.12 2 1
github.com/LerianStudio/midaz/components/mdz/pkg/cmd/ledger/list.go:99.58,113.2 8 1
github.com/LerianStudio/midaz/components/mdz/pkg/cmd/ledger/list.go:115.62,120.2 1 0
github.com/LerianStudio/midaz/components/mdz/pkg/cmd/ledger/list.go:122.60,141.2 3 1
github.com/LerianStudio/midaz/components/mdz/pkg/cmd/ledger/update.go:35.74,38.74 2 1
github.com/LerianStudio/midaz/components/mdz/pkg/cmd/ledger/update.go:38.74,40.17 2 0
github.com/LerianStudio/midaz/components/mdz/pkg/cmd/ledger/update.go:40.17,42.4 1 0
github.com/LerianStudio/midaz/components/mdz/pkg/cmd/ledger/update.go:44.3,44.24 1 0
github.com/LerianStudio/midaz/components/mdz/pkg/cmd/ledger/update.go:47.2,47.68 1 1
github.com/LerianStudio/midaz/components/mdz/pkg/cmd/ledger/update.go:47.68,49.17 2 0
github.com/LerianStudio/midaz/components/mdz/pkg/cmd/ledger/update.go:49.17,51.4 1 0
github.com/LerianStudio/midaz/components/mdz/pkg/cmd/ledger/update.go:53.3,53.18 1 0
github.com/LerianStudio/midaz/components/mdz/pkg/cmd/ledger/update.go:56.2,56.38 1 1
github.com/LerianStudio/midaz/components/mdz/pkg/cmd/ledger/update.go:56.38,58.17 2 0
github.com/LerianStudio/midaz/components/mdz/pkg/cmd/ledger/update.go:58.17,62.4 1 0
github.com/LerianStudio/midaz/components/mdz/pkg/cmd/ledger/update.go:63.8,65.17 2 1
github.com/LerianStudio/midaz/components/mdz/pkg/cmd/ledger/update.go:65.17,67.4 1 0
github.com/LerianStudio/midaz/components/mdz/pkg/cmd/ledger/update.go:70.2,71.16 2 1
github.com/LerianStudio/midaz/components/mdz/pkg/cmd/ledger/update.go:71.16,73.3 1 0
github.com/LerianStudio/midaz/components/mdz/pkg/cmd/ledger/update.go:75.2,77.12 2 1
github.com/LerianStudio/midaz/components/mdz/pkg/cmd/ledger/update.go:80.91,84.28 3 1
github.com/LerianStudio/midaz/components/mdz/pkg/cmd/ledger/update.go:84.28,86.3 1 1
github.com/LerianStudio/midaz/components/mdz/pkg/cmd/ledger/update.go:88.2,89.70 2 1
github.com/LerianStudio/midaz/components/mdz/pkg/cmd/ledger/update.go:89.70,91.3 1 0
github.com/LerianStudio/midaz/components/mdz/pkg/cmd/ledger/update.go:93.2,95.12 2 1
github.com/LerianStudio/midaz/components/mdz/pkg/cmd/ledger/update.go:98.60,117.2 8 1
github.com/LerianStudio/midaz/components/mdz/pkg/cmd/ledger/update.go:119.66,125.2 1 0
github.com/LerianStudio/midaz/components/mdz/pkg/cmd/ledger/update.go:127.64,146.2 3 1
github.com/LerianStudio/midaz/components/mdz/pkg/cmd/utils/utils.go:14.40,16.2 1 1
github.com/LerianStudio/midaz/components/mdz/pkg/cmd/utils/utils.go:18.60,24.17 2 1
github.com/LerianStudio/midaz/components/mdz/pkg/cmd/utils/utils.go:24.17,26.3 1 1
github.com/LerianStudio/midaz/components/mdz/pkg/cmd/utils/utils.go:26.8,28.17 2 1
github.com/LerianStudio/midaz/components/mdz/pkg/cmd/utils/utils.go:28.17,31.4 1 1
github.com/LerianStudio/midaz/components/mdz/pkg/cmd/utils/utils.go:32.3,32.21 1 1
github.com/LerianStudio/midaz/components/mdz/pkg/cmd/utils/utils.go:35.2,35.48 1 1
github.com/LerianStudio/midaz/components/mdz/pkg/cmd/utils/utils.go:38.64,40.16 2 1
github.com/LerianStudio/midaz/components/mdz/pkg/cmd/utils/utils.go:40.16,42.3 1 0
github.com/LerianStudio/midaz/components/mdz/pkg/cmd/utils/utils.go:44.2,45.16 2 1
github.com/LerianStudio/midaz/components/mdz/pkg/cmd/utils/utils.go:45.16,47.3 1 1
github.com/LerianStudio/midaz/components/mdz/pkg/cmd/utils/utils.go:49.2,49.12 1 1
github.com/LerianStudio/midaz/components/mdz/pkg/cmd/utils/utils.go:52.60,54.16 2 1
github.com/LerianStudio/midaz/components/mdz/pkg/cmd/utils/utils.go:54.16,56.3 1 1
github.com/LerianStudio/midaz/components/mdz/pkg/cmd/utils/utils.go:58.2,59.16 2 1
github.com/LerianStudio/midaz/components/mdz/pkg/cmd/utils/utils.go:59.16,61.3 1 0
github.com/LerianStudio/midaz/components/mdz/pkg/cmd/utils/utils.go:63.2,63.12 1 1
github.com/LerianStudio/midaz/components/mdz/pkg/cmd/utils/utils.go:66.50,68.2 1 1
github.com/LerianStudio/midaz/components/mdz/pkg/cmd/utils/utils.go:70.116,71.24 1 1
github.com/LerianStudio/midaz/components/mdz/pkg/cmd/utils/utils.go:71.24,73.17 2 1
github.com/LerianStudio/midaz/components/mdz/pkg/cmd/utils/utils.go:73.17,75.4 1 1
github.com/LerianStudio/midaz/components/mdz/pkg/cmd/utils/utils.go:77.3,77.21 1 1
github.com/LerianStudio/midaz/components/mdz/pkg/cmd/utils/utils.go:80.2,80.23 1 1
github.com/LerianStudio/midaz/components/mdz/pkg/cmd/utils/utils.go:83.89,84.21 1 1
github.com/LerianStudio/midaz/components/mdz/pkg/cmd/utils/utils.go:84.21,86.3 1 1
github.com/LerianStudio/midaz/components/mdz/pkg/cmd/utils/utils.go:88.2,89.16 2 1
github.com/LerianStudio/midaz/components/mdz/pkg/cmd/utils/utils.go:89.16,91.3 1 1
github.com/LerianStudio/midaz/components/mdz/pkg/cmd/utils/utils.go:93.2,93.26 1 1
github.com/LerianStudio/midaz/components/mdz/pkg/cmd/utils/utils.go:96.56,97.24 1 1
github.com/LerianStudio/midaz/components/mdz/pkg/cmd/utils/utils.go:97.24,99.3 1 1
github.com/LerianStudio/midaz/components/mdz/pkg/cmd/utils/utils.go:101.2,101.19 1 1
github.com/LerianStudio/midaz/components/mdz/pkg/cmd/utils/utils.go:104.76,105.19 1 1
github.com/LerianStudio/midaz/components/mdz/pkg/cmd/utils/utils.go:105.19,107.3 1 1
github.com/LerianStudio/midaz/components/mdz/pkg/cmd/utils/utils.go:109.2,110.18 2 1
github.com/LerianStudio/midaz/components/mdz/pkg/cmd/utils/utils.go:110.18,112.3 1 1
github.com/LerianStudio/midaz/components/mdz/pkg/cmd/utils/utils.go:114.2,114.15 1 1
github.com/LerianStudio/midaz/components/mdz/pkg/cmd/utils/utils.go:117.39,118.18 1 1
github.com/LerianStudio/midaz/components/mdz/pkg/cmd/utils/utils.go:118.18,120.3 1 1
github.com/LerianStudio/midaz/components/mdz/pkg/cmd/utils/utils.go:122.2,122.11 1 1
github.com/LerianStudio/midaz/components/mdz/pkg/cmd/utils/utils.go:125.38,129.16 3 1
github.com/LerianStudio/midaz/components/mdz/pkg/cmd/utils/utils.go:129.16,131.3 1 1
github.com/LerianStudio/midaz/components/mdz/pkg/cmd/utils/utils.go:133.2,133.12 1 1
github.com/LerianStudio/midaz/components/mdz/pkg/cmd/organization/create.go:42.80,45.38 2 1
github.com/LerianStudio/midaz/components/mdz/pkg/cmd/organization/create.go:45.38,47.17 2 0
github.com/LerianStudio/midaz/components/mdz/pkg/cmd/organization/create.go:47.17,51.4 1 0
github.com/LerianStudio/midaz/components/mdz/pkg/cmd/organization/create.go:52.8,54.17 2 1
github.com/LerianStudio/midaz/components/mdz/pkg/cmd/organization/create.go:54.17,56.4 1 0
github.com/LerianStudio/midaz/components/mdz/pkg/cmd/organization/create.go:59.2,60.16 2 1
github.com/LerianStudio/midaz/components/mdz/pkg/cmd/organization/create.go:60.16,62.3 1 0
github.com/LerianStudio/midaz/components/mdz/pkg/cmd/organization/create.go:64.2,66.12 2 1
github.com/LerianStudio/midaz/components/mdz/pkg/cmd/organization/create.go:69.103,75.16 4 1
github.com/LerianStudio/midaz/components/mdz/pkg/cmd/organization/create.go:75.16,77.3 1 0
github.com/LerianStudio/midaz/components/mdz/pkg/cmd/organization/create.go:79.2,79.37 1 1
github.com/LerianStudio/midaz/components/mdz/pkg/cmd/organization/create.go:79.37,81.3 1 1
github.com/LerianStudio/midaz/components/mdz/pkg/cmd/organization/create.go:81.8,83.3 1 0
github.com/LerianStudio/midaz/components/mdz/pkg/cmd/organization/create.go:85.2,86.16 2 1
github.com/LerianStudio/midaz/components/mdz/pkg/cmd/organization/create.go:86.16,88.3 1 0
github.com/LerianStudio/midaz/components/mdz/pkg/cmd/organization/create.go:90.2,93.16 3 1
github.com/LerianStudio/midaz/components/mdz/pkg/cmd/organization/create.go:93.16,95.3 1 0
github.com/LerianStudio/midaz/components/mdz/pkg/cmd/organization/create.go:97.2,102.22 4 1
github.com/LerianStudio/midaz/components/mdz/pkg/cmd/organization/create.go:102.22,104.3 1 0
github.com/LerianStudio/midaz/components/mdz/pkg/cmd/organization/create.go:106.2,111.16 5 1
github.com/LerianStudio/midaz/components/mdz/pkg/cmd/organization/create.go:111.16,113.3 1 0
github.com/LerianStudio/midaz/components/mdz/pkg/cmd/organization/create.go:115.2,116.70 2 1
github.com/LerianStudio/midaz/components/mdz/pkg/cmd/organization/create.go:116.70,118.3 1 0
github.com/LerianStudio/midaz/components/mdz/pkg/cmd/organization/create.go:120.2,122.12 2 1
github.com/LerianStudio/midaz/components/mdz/pkg/cmd/organization/create.go:125.66,159.2 15 1
github.com/LerianStudio/midaz/components/mdz/pkg/cmd/organization/create.go:161.72,167.2 1 0
github.com/LerianStudio/midaz/components/mdz/pkg/cmd/organization/create.go:169.76,190.2 3 1
github.com/LerianStudio/midaz/components/mdz/pkg/cmd/organization/delete.go:21.80,22.74 1 1
github.com/LerianStudio/midaz/components/mdz/pkg/cmd/organization/delete.go:22.74,24.17 2 0
github.com/LerianStudio/midaz/components/mdz/pkg/cmd/organization/delete.go:24.17,26.4 1 0
github.com/LerianStudio/midaz/components/mdz/pkg/cmd/organization/delete.go:28.3,28.24 1 0
github.com/LerianStudio/midaz/components/mdz/pkg/cmd/organization/delete.go:31.2,32.16 2 1
github.com/LerianStudio/midaz/components/mdz/pkg/cmd/organization/delete.go:32.16,34.3 1 0
github.com/LerianStudio/midaz/components/mdz/pkg/cmd/organization/delete.go:36.2,38.12 2 1
github.com/LerianStudio/midaz/components/mdz/pkg/cmd/organization/delete.go:41.66,45.2 2 1
github.com/LerianStudio/midaz/components/mdz/pkg/cmd/organization/delete.go:47.72,53.2 1 0
github.com/LerianStudio/midaz/components/mdz/pkg/cmd/organization/delete.go:55.76,72.2 3 1
github.com/LerianStudio/midaz/components/mdz/pkg/cmd/organization/describe.go:27.82,29.16 2 1
github.com/LerianStudio/midaz/components/mdz/pkg/cmd/organization/describe.go:29.16,31.3 1 0
github.com/LerianStudio/midaz/components/mdz/pkg/cmd/organization/describe.go:33.2,33.42 1 1
github.com/LerianStudio/midaz/components/mdz/pkg/cmd/organization/describe.go:33.42,35.17 2 0
github.com/LerianStudio/midaz/components/mdz/pkg/cmd/organization/describe.go:35.17,37.4 1 0
github.com/LerianStudio/midaz/components/mdz/pkg/cmd/organization/describe.go:39.3,39.33 1 0
github.com/LerianStudio/midaz/components/mdz/pkg/cmd/organization/describe.go:39.33,40.23 1 0
github.com/LerianStudio/midaz/components/mdz/pkg/cmd/organization/describe.go:40.23,42.5 1 0
github.com/LerianStudio/midaz/components/mdz/pkg/cmd/organization/describe.go:44.4,45.18 2 0
github.com/LerianStudio/midaz/components/mdz/pkg/cmd/organization/describe.go:45.18,47.5 1 0
github.com/LerianStudio/midaz/components/mdz/pkg/cmd/organization/describe.go:49.4,51.14 2 0
github.com/LerianStudio/midaz/components/mdz/pkg/cmd/organization/describe.go:54.3,56.13 2 0
github.com/LerianStudio/midaz/components/mdz/pkg/cmd/organization/describe.go:59.2,61.12 2 1
github.com/LerianStudio/midaz/components/mdz/pkg/cmd/organization/describe.go:64.79,67.24 2 1
github.com/LerianStudio/midaz/components/mdz/pkg/cmd/organization/describe.go:67.24,71.3 3 1
github.com/LerianStudio/midaz/components/mdz/pkg/cmd/organization/describe.go:73.2,80.13 6 1
github.com/LerianStudio/midaz/components/mdz/pkg/cmd/organization/describe.go:83.97,87.32 3 1
github.com/LerianStudio/midaz/components/mdz/pkg/cmd/organization/describe.go:87.32,89.3 1 1
github.com/LerianStudio/midaz/components/mdz/pkg/cmd/organization/describe.go:91.2,93.37 2 1
github.com/LerianStudio/midaz/components/mdz/pkg/cmd/organization/describe.go:93.37,95.3 1 0
github.com/LerianStudio/midaz/components/mdz/pkg/cmd/organization/describe.go:97.2,100.26 3 1
github.com/LerianStudio/midaz/components/mdz/pkg/cmd/organization/describe.go:100.26,102.3 1 0
github.com/LerianStudio/midaz/components/mdz/pkg/cmd/organization/describe.go:105.99,108.30 2 1
github.com/LerianStudio/midaz/components/mdz/pkg/cmd/organization/describe.go:108.30,110.3 1 0
github.com/LerianStudio/midaz/components/mdz/pkg/cmd/organization/describe.go:112.2,114.53 3 1
github.com/LerianStudio/midaz/components/mdz/pkg/cmd/organization/describe.go:117.98,120.35 2 1
github.com/LerianStudio/midaz/components/mdz/pkg/cmd/organization/describe.go:120.35,122.3 1 1
github.com/LerianStudio/midaz/components/mdz/pkg/cmd/organization/describe.go:125.68,131.2 4 1
github.com/LerianStudio/midaz/components/mdz/pkg/cmd/organization/describe.go:133.76,138.2 1 0
github.com/LerianStudio/midaz/components/mdz/pkg/cmd/organization/describe.go:140.80,157.2 3 1
github.com/LerianStudio/midaz/components/mdz/pkg/cmd/organization/list.go:28.78,29.26 1 1
github.com/LerianStudio/midaz/components/mdz/pkg/cmd/organization/list.go:29.26,30.57 1 0
github.com/LerianStudio/midaz/components/mdz/pkg/cmd/organization/list.go:30.57,32.4 1 0
github.com/LerianStudio/midaz/components/mdz/pkg/cmd/organization/list.go:35.2,35.24 1 1
github.com/LerianStudio/midaz/components/mdz/pkg/cmd/organization/list.go:35.24,36.55 1 0
github.com/LerianStudio/midaz/components/mdz/pkg/cmd/organization/list.go:36.55,38.4 1 0
github.com/LerianStudio/midaz/components/mdz/pkg/cmd/organization/list.go:41.2,42.16 2 1
github.com/LerianStudio/midaz/components/mdz/pkg/cmd/organization/list.go:42.16,44.3 1 0
github.com/LerianStudio/midaz/components/mdz/pkg/cmd/organization/list.go:46.2,46.12 1 1
github.com/LerianStudio/midaz/components/mdz/pkg/cmd/organization/list.go:46.12,48.17 2 0
github.com/LerianStudio/midaz/components/mdz/pkg/cmd/organization/list.go:48.17,50.4 1 0
github.com/LerianStudio/midaz/components/mdz/pkg/cmd/organization/list.go:52.3,54.13 2 0
github.com/LerianStudio/midaz/components/mdz/pkg/cmd/organization/list.go:57.2,69.24 2 1
github.com/LerianStudio/midaz/components/mdz/pkg/cmd/organization/list.go:69.24,73.3 3 1
github.com/LerianStudio/midaz/components/mdz/pkg/cmd/organization/list.go:75.2,77.31 2 1
github.com/LerianStudio/midaz/components/mdz/pkg/cmd/organization/list.go:77.31,89.3 1 1
github.com/LerianStudio/midaz/components/mdz/pkg/cmd/organization/list.go:91.2,93.12 2 1
github.com/LerianStudio/midaz/components/mdz/pkg/cmd/organization/list.go:96.64,109.2 7 1
github.com/LerianStudio/midaz/components/mdz/pkg/cmd/organization/list.go:111.68,116.2 1 0
github.com/LerianStudio/midaz/components/mdz/pkg/cmd/organization/list.go:118.72,139.2 3 1
github.com/LerianStudio/midaz/components/mdz/pkg/cmd/organization/organization.go:14.59,20.2 5 0
github.com/LerianStudio/midaz/components/mdz/pkg/cmd/organization/organization.go:22.60,41.2 5 0
github.com/LerianStudio/midaz/components/mdz/pkg/cmd/organization/update.go:43.80,46.74 2 1
github.com/LerianStudio/midaz/components/mdz/pkg/cmd/organization/update.go:46.74,48.17 2 0
github.com/LerianStudio/midaz/components/mdz/pkg/cmd/organization/update.go:48.17,50.4 1 0
github.com/LerianStudio/midaz/components/mdz/pkg/cmd/organization/update.go:52.3,52.24 1 0
github.com/LerianStudio/midaz/components/mdz/pkg/cmd/organization/update.go:55.2,55.38 1 1
github.com/LerianStudio/midaz/components/mdz/pkg/cmd/organization/update.go:55.38,57.17 2 0
github.com/LerianStudio/midaz/components/mdz/pkg/cmd/organization/update.go:57.17,61.4 1 0
github.com/LerianStudio/midaz/components/mdz/pkg/cmd/organization/update.go:62.8,64.17 2 1
github.com/LerianStudio/midaz/components/mdz/pkg/cmd/organization/update.go:64.17,66.4 1 0
github.com/LerianStudio/midaz/components/mdz/pkg/cmd/organization/update.go:69.2,70.16 2 1
github.com/LerianStudio/midaz/components/mdz/pkg/cmd/organization/update.go:70.16,72.3 1 0
github.com/LerianStudio/midaz/components/mdz/pkg/cmd/organization/update.go:74.2,76.12 2 1
github.com/LerianStudio/midaz/components/mdz/pkg/cmd/organization/update.go:79.103,83.16 3 1
github.com/LerianStudio/midaz/components/mdz/pkg/cmd/organization/update.go:83.16,85.3 1 0
github.com/LerianStudio/midaz/components/mdz/pkg/cmd/organization/update.go:87.2,87.37 1 1
github.com/LerianStudio/midaz/components/mdz/pkg/cmd/organization/update.go:87.37,89.3 1 1
github.com/LerianStudio/midaz/components/mdz/pkg/cmd/organization/update.go:89.8,91.3 1 0
github.com/LerianStudio/midaz/components/mdz/pkg/cmd/organization/update.go:93.2,94.16 2 1
github.com/LerianStudio/midaz/components/mdz/pkg/cmd/organization/update.go:94.16,96.3 1 0
github.com/LerianStudio/midaz/components/mdz/pkg/cmd/organization/update.go:98.2,110.16 10 1
github.com/LerianStudio/midaz/components/mdz/pkg/cmd/organization/update.go:110.16,112.3 1 0
github.com/LerianStudio/midaz/components/mdz/pkg/cmd/organization/update.go:114.2,115.70 2 1
github.com/LerianStudio/midaz/components/mdz/pkg/cmd/organization/update.go:115.70,117.3 1 0
github.com/LerianStudio/midaz/components/mdz/pkg/cmd/organization/update.go:119.2,121.12 2 1
github.com/LerianStudio/midaz/components/mdz/pkg/cmd/organization/update.go:124.66,161.2 16 1
github.com/LerianStudio/midaz/components/mdz/pkg/cmd/organization/update.go:163.72,169.2 1 0
github.com/LerianStudio/midaz/components/mdz/pkg/cmd/organization/update.go:171.76,193.2 3 1
github.com/LerianStudio/midaz/components/mdz/pkg/cmd/version/version.go:16.67,19.2 2 1
github.com/LerianStudio/midaz/components/mdz/pkg/cmd/version/version.go:21.55,38.2 4 1
github.com/LerianStudio/midaz/components/mdz/pkg/cmd/asset/asset.go:14.52,20.2 5 0
github.com/LerianStudio/midaz/components/mdz/pkg/cmd/asset/asset.go:22.53,46.2 5 0
github.com/LerianStudio/midaz/components/mdz/pkg/cmd/asset/create.go:38.73,41.74 2 1
github.com/LerianStudio/midaz/components/mdz/pkg/cmd/asset/create.go:41.74,43.17 2 1
github.com/LerianStudio/midaz/components/mdz/pkg/cmd/asset/create.go:43.17,45.4 1 0
github.com/LerianStudio/midaz/components/mdz/pkg/cmd/asset/create.go:47.3,47.24 1 1
github.com/LerianStudio/midaz/components/mdz/pkg/cmd/asset/create.go:50.2,50.62 1 1
github.com/LerianStudio/midaz/components/mdz/pkg/cmd/asset/create.go:50.62,52.17 2 1
github.com/LerianStudio/midaz/components/mdz/pkg/cmd/asset/create.go:52.17,54.4 1 0
github.com/LerianStudio/midaz/components/mdz/pkg/cmd/asset/create.go:56.3,56.18 1 1
github.com/LerianStudio/midaz/components/mdz/pkg/cmd/asset/create.go:59.2,59.38 1 1
github.com/LerianStudio/midaz/components/mdz/pkg/cmd/asset/create.go:59.38,61.17 2 0
github.com/LerianStudio/midaz/components/mdz/pkg/cmd/asset/create.go:61.17,65.4 1 0
github.com/LerianStudio/midaz/components/mdz/pkg/cmd/asset/create.go:66.8,68.17 2 1
github.com/LerianStudio/midaz/components/mdz/pkg/cmd/asset/create.go:68.17,70.4 1 0
github.com/LerianStudio/midaz/components/mdz/pkg/cmd/asset/create.go:73.2,74.16 2 1
github.com/LerianStudio/midaz/components/mdz/pkg/cmd/asset/create.go:74.16,76.3 1 0
github.com/LerianStudio/midaz/components/mdz/pkg/cmd/asset/create.go:78.2,80.12 2 1
github.com/LerianStudio/midaz/components/mdz/pkg/cmd/asset/create.go:83.89,87.16 3 1
github.com/LerianStudio/midaz/components/mdz/pkg/cmd/asset/create.go:87.16,89.3 1 0
github.com/LerianStudio/midaz/components/mdz/pkg/cmd/asset/create.go:91.2,92.16 2 1
github.com/LerianStudio/midaz/components/mdz/pkg/cmd/asset/create.go:92.16,94.3 1 0
github.com/LerianStudio/midaz/components/mdz/pkg/cmd/asset/create.go:96.2,97.16 2 1
github.com/LerianStudio/midaz/components/mdz/pkg/cmd/asset/create.go:97.16,99.3 1 0
github.com/LerianStudio/midaz/components/mdz/pkg/cmd/asset/create.go:101.2,104.34 3 1
github.com/LerianStudio/midaz/components/mdz/pkg/cmd/asset/create.go:104.34,106.3 1 1
github.com/LerianStudio/midaz/components/mdz/pkg/cmd/asset/create.go:108.2,109.70 2 1
github.com/LerianStudio/midaz/components/mdz/pkg/cmd/asset/create.go:109.70,111.3 1 0
github.com/LerianStudio/midaz/components/mdz/pkg/cmd/asset/create.go:113.2,115.12 2 1
github.com/LerianStudio/midaz/components/mdz/pkg/cmd/asset/create.go:118.59,138.2 10 1
github.com/LerianStudio/midaz/components/mdz/pkg/cmd/asset/create.go:140.65,147.2 1 0
github.com/LerianStudio/midaz/components/mdz/pkg/cmd/asset/create.go:149.62,172.2 3 1
github.com/LerianStudio/midaz/components/mdz/pkg/cmd/asset/delete.go:23.72,24.74 1 1
github.com/LerianStudio/midaz/components/mdz/pkg/cmd/asset/delete.go:24.74,26.17 2 1
github.com/LerianStudio/midaz/components/mdz/pkg/cmd/asset/delete.go:26.17,28.4 1 0
github.com/LerianStudio/midaz/components/mdz/pkg/cmd/asset/delete.go:30.3,30.24 1 1
github.com/LerianStudio/midaz/components/mdz/pkg/cmd/asset/delete.go:33.2,33.62 1 1
github.com/LerianStudio/midaz/components/mdz/pkg/cmd/asset/delete.go:33.62,35.17 2 1
github.com/LerianStudio/midaz/components/mdz/pkg/cmd/asset/delete.go:35.17,37.4 1 0
github.com/LerianStudio/midaz/components/mdz/pkg/cmd/asset/delete.go:39.3,39.18 1 1
github.com/LerianStudio/midaz/components/mdz/pkg/cmd/asset/delete.go:42.2,42.60 1 1
github.com/LerianStudio/midaz/components/mdz/pkg/cmd/asset/delete.go:42.60,44.17 2 1
github.com/LerianStudio/midaz/components/mdz/pkg/cmd/asset/delete.go:44.17,46.4 1 0
github.com/LerianStudio/midaz/components/mdz/pkg/cmd/asset/delete.go:48.3,48.17 1 1
github.com/LerianStudio/midaz/components/mdz/pkg/cmd/asset/delete.go:51.2,51.12 1 1
github.com/LerianStudio/midaz/components/mdz/pkg/cmd/asset/delete.go:54.73,55.47 1 1
github.com/LerianStudio/midaz/components/mdz/pkg/cmd/asset/delete.go:55.47,57.3 1 0
github.com/LerianStudio/midaz/components/mdz/pkg/cmd/asset/delete.go:59.2,60.16 2 1
github.com/LerianStudio/midaz/components/mdz/pkg/cmd/asset/delete.go:60.16,62.3 1 0
github.com/LerianStudio/midaz/components/mdz/pkg/cmd/asset/delete.go:64.2,66.12 2 1
github.com/LerianStudio/midaz/components/mdz/pkg/cmd/asset/delete.go:69.59,74.2 4 1
github.com/LerianStudio/midaz/components/mdz/pkg/cmd/asset/delete.go:76.65,82.2 1 0
github.com/LerianStudio/midaz/components/mdz/pkg/cmd/asset/delete.go:84.62,104.2 3 1
github.com/LerianStudio/midaz/components/mdz/pkg/cmd/asset/describe.go:31.74,32.74 1 1
github.com/LerianStudio/midaz/components/mdz/pkg/cmd/asset/describe.go:32.74,34.17 2 1
github.com/LerianStudio/midaz/components/mdz/pkg/cmd/asset/describe.go:34.17,36.4 1 0
github.com/LerianStudio/midaz/components/mdz/pkg/cmd/asset/describe.go:38.3,38.24 1 1
github.com/LerianStudio/midaz/components/mdz/pkg/cmd/asset/describe.go:41.2,41.62 1 1
github.com/LerianStudio/midaz/components/mdz/pkg/cmd/asset/describe.go:41.62,43.17 2 1
github.com/LerianStudio/midaz/components/mdz/pkg/cmd/asset/describe.go:43.17,45.4 1 0
github.com/LerianStudio/midaz/components/mdz/pkg/cmd/asset/describe.go:47.3,47.18 1 1
github.com/LerianStudio/midaz/components/mdz/pkg/cmd/asset/describe.go:50.2,50.60 1 1
github.com/LerianStudio/midaz/components/mdz/pkg/cmd/asset/describe.go:50.60,52.17 2 1
github.com/LerianStudio/midaz/components/mdz/pkg/cmd/asset/describe.go:52.17,54.4 1 0
github.com/LerianStudio/midaz/components/mdz/pkg/cmd/asset/describe.go:56.3,56.17 1 1
github.com/LerianStudio/midaz/components/mdz/pkg/cmd/asset/describe.go:59.2,59.12 1 1
github.com/LerianStudio/midaz/components/mdz/pkg/cmd/asset/describe.go:62.75,63.47 1 1
github.com/LerianStudio/midaz/components/mdz/pkg/cmd/asset/describe.go:63.47,65.3 1 0
github.com/LerianStudio/midaz/components/mdz/pkg/cmd/asset/describe.go:67.2,68.16 2 1
github.com/LerianStudio/midaz/components/mdz/pkg/cmd/asset/describe.go:68.16,70.3 1 0
github.com/LerianStudio/midaz/components/mdz/pkg/cmd/asset/describe.go:72.2,72.34 1 1
github.com/LerianStudio/midaz/components/mdz/pkg/cmd/asset/describe.go:75.91,76.42 1 1
github.com/LerianStudio/midaz/components/mdz/pkg/cmd/asset/describe.go:76.42,78.17 2 0
github.com/LerianStudio/midaz/components/mdz/pkg/cmd/asset/describe.go:78.17,80.4 1 0
github.com/LerianStudio/midaz/components/mdz/pkg/cmd/asset/describe.go:82.3,82.33 1 0
github.com/LerianStudio/midaz/components/mdz/pkg/cmd/asset/describe.go:82.33,83.23 1 0
github.com/LerianStudio/midaz/components/mdz/pkg/cmd/asset/describe.go:83.23,85.5 1 0
github.com/LerianStudio/midaz/components/mdz/pkg/cmd/asset/describe.go:87.4,88.18 2 0
github.com/LerianStudio/midaz/components/mdz/pkg/cmd/asset/describe.go:88.18,90.5 1 0
github.com/LerianStudio/midaz/components/mdz/pkg/cmd/asset/describe.go:92.4,94.14 2 0
github.com/LerianStudio/midaz/components/mdz/pkg/cmd/asset/describe.go:97.3,99.13 2 0
github.com/LerianStudio/midaz/components/mdz/pkg/cmd/asset/describe.go:102.2,104.12 2 1
github.com/LerianStudio/midaz/components/mdz/pkg/cmd/asset/describe.go:107.67,110.24 2 1
github.com/LerianStudio/midaz/components/mdz/pkg/cmd/asset/describe.go:110.24,114.3 3 1
github.com/LerianStudio/midaz/components/mdz/pkg/cmd/asset/describe.go:116.2,124.37 7 1
github.com/LerianStudio/midaz/components/mdz/pkg/cmd/asset/describe.go:124.37,126.3 1 1
github.com/LerianStudio/midaz/components/mdz/pkg/cmd/asset/describe.go:128.2,133.28 5 1
github.com/LerianStudio/midaz/components/mdz/pkg/cmd/asset/describe.go:133.28,135.3 1 0
github.com/LerianStudio/midaz/components/mdz/pkg/cmd/asset/describe.go:137.2,139.13 2 1
github.com/LerianStudio/midaz/components/mdz/pkg/cmd/asset/describe.go:142.61,149.2 6 1
github.com/LerianStudio/midaz/components/mdz/pkg/cmd/asset/describe.go:151.69,157.2 1 0
github.com/LerianStudio/midaz/components/mdz/pkg/cmd/asset/describe.go:159.66,180.2 3 1
github.com/LerianStudio/midaz/components/mdz/pkg/cmd/asset/list.go:32.71,33.74 1 1
github.com/LerianStudio/midaz/components/mdz/pkg/cmd/asset/list.go:33.74,35.17 2 1
github.com/LerianStudio/midaz/components/mdz/pkg/cmd/asset/list.go:35.17,37.4 1 0
github.com/LerianStudio/midaz/components/mdz/pkg/cmd/asset/list.go:39.3,39.24 1 1
github.com/LerianStudio/midaz/components/mdz/pkg/cmd/asset/list.go:42.2,42.62 1 1
github.com/LerianStudio/midaz/components/mdz/pkg/cmd/asset/list.go:42.62,44.17 2 1
github.com/LerianStudio/midaz/components/mdz/pkg/cmd/asset/list.go:44.17,46.4 1 0
github.com/LerianStudio/midaz/components/mdz/pkg/cmd/asset/list.go:48.3,48.18 1 1
github.com/LerianStudio/midaz/components/mdz/pkg/cmd/asset/list.go:51.2,51.26 1 1
github.com/LerianStudio/midaz/components/mdz/pkg/cmd/asset/list.go:51.26,52.57 1 1
github.com/LerianStudio/midaz/components/mdz/pkg/cmd/asset/list.go:52.57,54.4 1 0
github.com/LerianStudio/midaz/components/mdz/pkg/cmd/asset/list.go:57.2,57.24 1 1
github.com/LerianStudio/midaz/components/mdz/pkg/cmd/asset/list.go:57.24,58.55 1 1
github.com/LerianStudio/midaz/components/mdz/pkg/cmd/asset/list.go:58.55,60.4 1 0
github.com/LerianStudio/midaz/components/mdz/pkg/cmd/asset/list.go:63.2,67.16 2 1
github.com/LerianStudio/midaz/components/mdz/pkg/cmd/asset/list.go:67.16,69.3 1 0
github.com/LerianStudio/midaz/components/mdz/pkg/cmd/asset/list.go:71.2,71.12 1 1
github.com/LerianStudio/midaz/components/mdz/pkg/cmd/asset/list.go:71.12,73.17 2 0
github.com/LerianStudio/midaz/components/mdz/pkg/cmd/asset/list.go:73.17,75.4 1 0
github.com/LerianStudio/midaz/components/mdz/pkg/cmd/asset/list.go:77.3,79.13 2 0
github.com/LerianStudio/midaz/components/mdz/pkg/cmd/asset/list.go:82.2,92.24 2 1
github.com/LerianStudio/midaz/components/mdz/pkg/cmd/asset/list.go:92.24,96.3 3 1
github.com/LerianStudio/midaz/components/mdz/pkg/cmd/asset/list.go:98.2,100.31 2 1
github.com/LerianStudio/midaz/components/mdz/pkg/cmd/asset/list.go:100.31,110.3 1 1
github.com/LerianStudio/midaz/components/mdz/pkg/cmd/asset/list.go:112.2,114.12 2 1
github.com/LerianStudio/midaz/components/mdz/pkg/cmd/asset/list.go:117.57,132.2 9 1
github.com/LerianStudio/midaz/components/mdz/pkg/cmd/asset/list.go:134.61,140.2 1 0
github.com/LerianStudio/midaz/components/mdz/pkg/cmd/asset/list.go:142.58,166.2 3 1
github.com/LerianStudio/midaz/components/mdz/pkg/cmd/asset/update.go:36.72,37.74 1 1
github.com/LerianStudio/midaz/components/mdz/pkg/cmd/asset/update.go:37.74,39.17 2 1
github.com/LerianStudio/midaz/components/mdz/pkg/cmd/asset/update.go:39.17,41.4 1 0
github.com/LerianStudio/midaz/components/mdz/pkg/cmd/asset/update.go:43.3,43.24 1 1
github.com/LerianStudio/midaz/components/mdz/pkg/cmd/asset/update.go:46.2,46.62 1 1
github.com/LerianStudio/midaz/components/mdz/pkg/cmd/asset/update.go:46.62,48.17 2 1
github.com/LerianStudio/midaz/components/mdz/pkg/cmd/asset/update.go:48.17,50.4 1 0
github.com/LerianStudio/midaz/components/mdz/pkg/cmd/asset/update.go:52.3,52.18 1 1
github.com/LerianStudio/midaz/components/mdz/pkg/cmd/asset/update.go:55.2,55.60 1 1
github.com/LerianStudio/midaz/components/mdz/pkg/cmd/asset/update.go:55.60,57.17 2 1
github.com/LerianStudio/midaz/components/mdz/pkg/cmd/asset/update.go:57.17,59.4 1 0
github.com/LerianStudio/midaz/components/mdz/pkg/cmd/asset/update.go:61.3,61.17 1 1
github.com/LerianStudio/midaz/components/mdz/pkg/cmd/asset/update.go:64.2,64.12 1 1
github.com/LerianStudio/midaz/components/mdz/pkg/cmd/asset/update.go:67.73,70.47 2 1
github.com/LerianStudio/midaz/components/mdz/pkg/cmd/asset/update.go:70.47,72.3 1 0
github.com/LerianStudio/midaz/components/mdz/pkg/cmd/asset/update.go:74.2,74.38 1 1
github.com/LerianStudio/midaz/components/mdz/pkg/cmd/asset/update.go:74.38,76.17 2 0
github.com/LerianStudio/midaz/components/mdz/pkg/cmd/asset/update.go:76.17,80.4 1 0
github.com/LerianStudio/midaz/components/mdz/pkg/cmd/asset/update.go:81.8,83.17 2 1
github.com/LerianStudio/midaz/components/mdz/pkg/cmd/asset/update.go:83.17,85.4 1 0
github.com/LerianStudio/midaz/components/mdz/pkg/cmd/asset/update.go:88.2,89.16 2 1
github.com/LerianStudio/midaz/components/mdz/pkg/cmd/asset/update.go:89.16,91.3 1 0
github.com/LerianStudio/midaz/components/mdz/pkg/cmd/asset/update.go:93.2,95.12 2 1
github.com/LerianStudio/midaz/components/mdz/pkg/cmd/asset/update.go:98.91,102.34 3 1
github.com/LerianStudio/midaz/components/mdz/pkg/cmd/asset/update.go:102.34,104.3 1 1
github.com/LerianStudio/midaz/components/mdz/pkg/cmd/asset/update.go:106.2,107.70 2 1
github.com/LerianStudio/midaz/components/mdz/pkg/cmd/asset/update.go:107.70,109.3 1 0
github.com/LerianStudio/midaz/components/mdz/pkg/cmd/asset/update.go:111.2,113.12 2 1
github.com/LerianStudio/midaz/components/mdz/pkg/cmd/asset/update.go:116.59,132.2 9 1
github.com/LerianStudio/midaz/components/mdz/pkg/cmd/asset/update.go:134.65,140.2 1 0
github.com/LerianStudio/midaz/components/mdz/pkg/cmd/asset/update.go:142.62,164.2 3 1
github.com/LerianStudio/midaz/components/mdz/pkg/cmd/portfolio/create.go:36.77,39.74 2 1
github.com/LerianStudio/midaz/components/mdz/pkg/cmd/portfolio/create.go:39.74,41.17 2 1
github.com/LerianStudio/midaz/components/mdz/pkg/cmd/portfolio/create.go:41.17,43.4 1 0
github.com/LerianStudio/midaz/components/mdz/pkg/cmd/portfolio/create.go:45.3,45.24 1 1
github.com/LerianStudio/midaz/components/mdz/pkg/cmd/portfolio/create.go:48.2,48.62 1 1
github.com/LerianStudio/midaz/components/mdz/pkg/cmd/portfolio/create.go:48.62,50.17 2 1
github.com/LerianStudio/midaz/components/mdz/pkg/cmd/portfolio/create.go:50.17,52.4 1 0
github.com/LerianStudio/midaz/components/mdz/pkg/cmd/portfolio/create.go:54.3,54.18 1 1
github.com/LerianStudio/midaz/components/mdz/pkg/cmd/portfolio/create.go:57.2,57.38 1 1
github.com/LerianStudio/midaz/components/mdz/pkg/cmd/portfolio/create.go:57.38,59.17 2 0
github.com/LerianStudio/midaz/components/mdz/pkg/cmd/portfolio/create.go:59.17,63.4 1 0
github.com/LerianStudio/midaz/components/mdz/pkg/cmd/portfolio/create.go:64.8,66.17 2 1
github.com/LerianStudio/midaz/components/mdz/pkg/cmd/portfolio/create.go:66.17,68.4 1 0
github.com/LerianStudio/midaz/components/mdz/pkg/cmd/portfolio/create.go:71.2,72.16 2 1
github.com/LerianStudio/midaz/components/mdz/pkg/cmd/portfolio/create.go:72.16,74.3 1 0
github.com/LerianStudio/midaz/components/mdz/pkg/cmd/portfolio/create.go:76.2,78.12 2 1
github.com/LerianStudio/midaz/components/mdz/pkg/cmd/portfolio/create.go:81.103,85.16 3 1
github.com/LerianStudio/midaz/components/mdz/pkg/cmd/portfolio/create.go:85.16,87.3 1 0
github.com/LerianStudio/midaz/components/mdz/pkg/cmd/portfolio/create.go:89.2,90.16 2 1
github.com/LerianStudio/midaz/components/mdz/pkg/cmd/portfolio/create.go:90.16,92.3 1 0
github.com/LerianStudio/midaz/components/mdz/pkg/cmd/portfolio/create.go:94.2,96.28 2 1
github.com/LerianStudio/midaz/components/mdz/pkg/cmd/portfolio/create.go:96.28,98.3 1 1
github.com/LerianStudio/midaz/components/mdz/pkg/cmd/portfolio/create.go:100.2,101.70 2 1
github.com/LerianStudio/midaz/components/mdz/pkg/cmd/portfolio/create.go:101.70,103.3 1 0
github.com/LerianStudio/midaz/components/mdz/pkg/cmd/portfolio/create.go:105.2,107.12 2 1
github.com/LerianStudio/midaz/components/mdz/pkg/cmd/portfolio/create.go:110.63,130.2 9 1
github.com/LerianStudio/midaz/components/mdz/pkg/cmd/portfolio/create.go:132.69,138.2 1 0
github.com/LerianStudio/midaz/components/mdz/pkg/cmd/portfolio/create.go:140.70,162.2 3 1
github.com/LerianStudio/midaz/components/mdz/pkg/cmd/portfolio/delete.go:23.76,24.74 1 1
github.com/LerianStudio/midaz/components/mdz/pkg/cmd/portfolio/delete.go:24.74,26.17 2 1
github.com/LerianStudio/midaz/components/mdz/pkg/cmd/portfolio/delete.go:26.17,28.4 1 0
github.com/LerianStudio/midaz/components/mdz/pkg/cmd/portfolio/delete.go:30.3,30.24 1 1
github.com/LerianStudio/midaz/components/mdz/pkg/cmd/portfolio/delete.go:33.2,33.62 1 1
github.com/LerianStudio/midaz/components/mdz/pkg/cmd/portfolio/delete.go:33.62,35.17 2 1
github.com/LerianStudio/midaz/components/mdz/pkg/cmd/portfolio/delete.go:35.17,37.4 1 0
github.com/LerianStudio/midaz/components/mdz/pkg/cmd/portfolio/delete.go:39.3,39.18 1 1
github.com/LerianStudio/midaz/components/mdz/pkg/cmd/portfolio/delete.go:42.2,42.68 1 1
github.com/LerianStudio/midaz/components/mdz/pkg/cmd/portfolio/delete.go:42.68,44.17 2 1
github.com/LerianStudio/midaz/components/mdz/pkg/cmd/portfolio/delete.go:44.17,46.4 1 0
github.com/LerianStudio/midaz/components/mdz/pkg/cmd/portfolio/delete.go:48.3,48.21 1 1
github.com/LerianStudio/midaz/components/mdz/pkg/cmd/portfolio/delete.go:51.2,51.12 1 1
github.com/LerianStudio/midaz/components/mdz/pkg/cmd/portfolio/delete.go:54.77,55.47 1 1
github.com/LerianStudio/midaz/components/mdz/pkg/cmd/portfolio/delete.go:55.47,57.3 1 0
github.com/LerianStudio/midaz/components/mdz/pkg/cmd/portfolio/delete.go:59.2,60.16 2 1
github.com/LerianStudio/midaz/components/mdz/pkg/cmd/portfolio/delete.go:60.16,62.3 1 0
github.com/LerianStudio/midaz/components/mdz/pkg/cmd/portfolio/delete.go:64.2,66.12 2 1
github.com/LerianStudio/midaz/components/mdz/pkg/cmd/portfolio/delete.go:69.63,74.2 4 1
github.com/LerianStudio/midaz/components/mdz/pkg/cmd/portfolio/delete.go:76.69,82.2 1 0
github.com/LerianStudio/midaz/components/mdz/pkg/cmd/portfolio/delete.go:84.70,104.2 3 1
github.com/LerianStudio/midaz/components/mdz/pkg/cmd/portfolio/describe.go:31.78,32.74 1 1
github.com/LerianStudio/midaz/components/mdz/pkg/cmd/portfolio/describe.go:32.74,34.17 2 1
github.com/LerianStudio/midaz/components/mdz/pkg/cmd/portfolio/describe.go:34.17,36.4 1 0
github.com/LerianStudio/midaz/components/mdz/pkg/cmd/portfolio/describe.go:38.3,38.24 1 1
github.com/LerianStudio/midaz/components/mdz/pkg/cmd/portfolio/describe.go:41.2,41.62 1 1
github.com/LerianStudio/midaz/components/mdz/pkg/cmd/portfolio/describe.go:41.62,43.17 2 1
github.com/LerianStudio/midaz/components/mdz/pkg/cmd/portfolio/describe.go:43.17,45.4 1 0
github.com/LerianStudio/midaz/components/mdz/pkg/cmd/portfolio/describe.go:47.3,47.18 1 1
github.com/LerianStudio/midaz/components/mdz/pkg/cmd/portfolio/describe.go:50.2,50.68 1 1
github.com/LerianStudio/midaz/components/mdz/pkg/cmd/portfolio/describe.go:50.68,52.17 2 1
github.com/LerianStudio/midaz/components/mdz/pkg/cmd/portfolio/describe.go:52.17,54.4 1 0
github.com/LerianStudio/midaz/components/mdz/pkg/cmd/portfolio/describe.go:56.3,56.21 1 1
github.com/LerianStudio/midaz/components/mdz/pkg/cmd/portfolio/describe.go:59.2,59.12 1 1
github.com/LerianStudio/midaz/components/mdz/pkg/cmd/portfolio/describe.go:62.79,63.47 1 1
github.com/LerianStudio/midaz/components/mdz/pkg/cmd/portfolio/describe.go:63.47,65.3 1 0
github.com/LerianStudio/midaz/components/mdz/pkg/cmd/portfolio/describe.go:67.2,68.16 2 1
github.com/LerianStudio/midaz/components/mdz/pkg/cmd/portfolio/describe.go:68.16,70.3 1 0
github.com/LerianStudio/midaz/components/mdz/pkg/cmd/portfolio/describe.go:72.2,72.38 1 1
github.com/LerianStudio/midaz/components/mdz/pkg/cmd/portfolio/describe.go:75.103,76.42 1 1
github.com/LerianStudio/midaz/components/mdz/pkg/cmd/portfolio/describe.go:76.42,78.17 2 0
github.com/LerianStudio/midaz/components/mdz/pkg/cmd/portfolio/describe.go:78.17,80.4 1 0
github.com/LerianStudio/midaz/components/mdz/pkg/cmd/portfolio/describe.go:82.3,82.33 1 0
github.com/LerianStudio/midaz/components/mdz/pkg/cmd/portfolio/describe.go:82.33,83.23 1 0
github.com/LerianStudio/midaz/components/mdz/pkg/cmd/portfolio/describe.go:83.23,85.5 1 0
github.com/LerianStudio/midaz/components/mdz/pkg/cmd/portfolio/describe.go:87.4,88.18 2 0
github.com/LerianStudio/midaz/components/mdz/pkg/cmd/portfolio/describe.go:88.18,90.5 1 0
github.com/LerianStudio/midaz/components/mdz/pkg/cmd/portfolio/describe.go:92.4,94.14 2 0
github.com/LerianStudio/midaz/components/mdz/pkg/cmd/portfolio/describe.go:97.3,99.13 2 0
github.com/LerianStudio/midaz/components/mdz/pkg/cmd/portfolio/describe.go:102.2,104.12 2 1
github.com/LerianStudio/midaz/components/mdz/pkg/cmd/portfolio/describe.go:107.75,110.24 2 1
github.com/LerianStudio/midaz/components/mdz/pkg/cmd/portfolio/describe.go:110.24,114.3 3 1
github.com/LerianStudio/midaz/components/mdz/pkg/cmd/portfolio/describe.go:116.2,123.37 6 1
github.com/LerianStudio/midaz/components/mdz/pkg/cmd/portfolio/describe.go:123.37,125.3 1 1
github.com/LerianStudio/midaz/components/mdz/pkg/cmd/portfolio/describe.go:127.2,132.28 5 1
github.com/LerianStudio/midaz/components/mdz/pkg/cmd/portfolio/describe.go:132.28,134.3 1 0
github.com/LerianStudio/midaz/components/mdz/pkg/cmd/portfolio/describe.go:136.2,138.13 2 1
github.com/LerianStudio/midaz/components/mdz/pkg/cmd/portfolio/describe.go:141.65,148.2 6 1
github.com/LerianStudio/midaz/components/mdz/pkg/cmd/portfolio/describe.go:150.73,156.2 1 0
github.com/LerianStudio/midaz/components/mdz/pkg/cmd/portfolio/describe.go:158.74,179.2 3 1
github.com/LerianStudio/midaz/components/mdz/pkg/cmd/portfolio/list.go:32.75,33.74 1 1
github.com/LerianStudio/midaz/components/mdz/pkg/cmd/portfolio/list.go:33.74,35.17 2 1
github.com/LerianStudio/midaz/components/mdz/pkg/cmd/portfolio/list.go:35.17,37.4 1 0
github.com/LerianStudio/midaz/components/mdz/pkg/cmd/portfolio/list.go:39.3,39.24 1 1
github.com/LerianStudio/midaz/components/mdz/pkg/cmd/portfolio/list.go:42.2,42.62 1 1
github.com/LerianStudio/midaz/components/mdz/pkg/cmd/portfolio/list.go:42.62,44.17 2 1
github.com/LerianStudio/midaz/components/mdz/pkg/cmd/portfolio/list.go:44.17,46.4 1 0
github.com/LerianStudio/midaz/components/mdz/pkg/cmd/portfolio/list.go:48.3,48.18 1 1
github.com/LerianStudio/midaz/components/mdz/pkg/cmd/portfolio/list.go:51.2,51.26 1 1
github.com/LerianStudio/midaz/components/mdz/pkg/cmd/portfolio/list.go:51.26,52.57 1 1
github.com/LerianStudio/midaz/components/mdz/pkg/cmd/portfolio/list.go:52.57,54.4 1 0
github.com/LerianStudio/midaz/components/mdz/pkg/cmd/portfolio/list.go:57.2,57.24 1 1
github.com/LerianStudio/midaz/components/mdz/pkg/cmd/portfolio/list.go:57.24,58.55 1 1
github.com/LerianStudio/midaz/components/mdz/pkg/cmd/portfolio/list.go:58.55,60.4 1 0
github.com/LerianStudio/midaz/components/mdz/pkg/cmd/portfolio/list.go:63.2,65.16 2 1
github.com/LerianStudio/midaz/components/mdz/pkg/cmd/portfolio/list.go:65.16,67.3 1 0
github.com/LerianStudio/midaz/components/mdz/pkg/cmd/portfolio/list.go:69.2,69.12 1 1
github.com/LerianStudio/midaz/components/mdz/pkg/cmd/portfolio/list.go:69.12,71.17 2 0
github.com/LerianStudio/midaz/components/mdz/pkg/cmd/portfolio/list.go:71.17,73.4 1 0
github.com/LerianStudio/midaz/components/mdz/pkg/cmd/portfolio/list.go:75.3,77.13 2 0
github.com/LerianStudio/midaz/components/mdz/pkg/cmd/portfolio/list.go:80.2,89.24 2 1
github.com/LerianStudio/midaz/components/mdz/pkg/cmd/portfolio/list.go:89.24,93.3 3 1
github.com/LerianStudio/midaz/components/mdz/pkg/cmd/portfolio/list.go:95.2,97.37 2 1
github.com/LerianStudio/midaz/components/mdz/pkg/cmd/portfolio/list.go:97.37,106.3 1 1
github.com/LerianStudio/midaz/components/mdz/pkg/cmd/portfolio/list.go:108.2,110.12 2 1
github.com/LerianStudio/midaz/components/mdz/pkg/cmd/portfolio/list.go:113.61,128.2 9 1
github.com/LerianStudio/midaz/components/mdz/pkg/cmd/portfolio/list.go:130.65,136.2 1 0
github.com/LerianStudio/midaz/components/mdz/pkg/cmd/portfolio/list.go:138.66,161.2 3 1
github.com/LerianStudio/midaz/components/mdz/pkg/cmd/portfolio/portfolio.go:14.56,20.2 5 0
github.com/LerianStudio/midaz/components/mdz/pkg/cmd/portfolio/portfolio.go:22.57,46.2 5 0
github.com/LerianStudio/midaz/components/mdz/pkg/cmd/portfolio/update.go:36.76,37.74 1 1
github.com/LerianStudio/midaz/components/mdz/pkg/cmd/portfolio/update.go:37.74,39.17 2 1
github.com/LerianStudio/midaz/components/mdz/pkg/cmd/portfolio/update.go:39.17,41.4 1 0
github.com/LerianStudio/midaz/components/mdz/pkg/cmd/portfolio/update.go:43.3,43.24 1 1
github.com/LerianStudio/midaz/components/mdz/pkg/cmd/portfolio/update.go:46.2,46.62 1 1
github.com/LerianStudio/midaz/components/mdz/pkg/cmd/portfolio/update.go:46.62,48.17 2 1
github.com/LerianStudio/midaz/components/mdz/pkg/cmd/portfolio/update.go:48.17,50.4 1 0
github.com/LerianStudio/midaz/components/mdz/pkg/cmd/portfolio/update.go:52.3,52.18 1 1
github.com/LerianStudio/midaz/components/mdz/pkg/cmd/portfolio/update.go:55.2,55.68 1 1
github.com/LerianStudio/midaz/components/mdz/pkg/cmd/portfolio/update.go:55.68,57.17 2 1
github.com/LerianStudio/midaz/components/mdz/pkg/cmd/portfolio/update.go:57.17,59.4 1 0
github.com/LerianStudio/midaz/components/mdz/pkg/cmd/portfolio/update.go:61.3,61.21 1 1
github.com/LerianStudio/midaz/components/mdz/pkg/cmd/portfolio/update.go:64.2,64.12 1 1
github.com/LerianStudio/midaz/components/mdz/pkg/cmd/portfolio/update.go:67.77,70.47 2 1
github.com/LerianStudio/midaz/components/mdz/pkg/cmd/portfolio/update.go:70.47,72.3 1 0
github.com/LerianStudio/midaz/components/mdz/pkg/cmd/portfolio/update.go:74.2,74.38 1 1
github.com/LerianStudio/midaz/components/mdz/pkg/cmd/portfolio/update.go:74.38,76.17 2 0
github.com/LerianStudio/midaz/components/mdz/pkg/cmd/portfolio/update.go:76.17,80.4 1 0
github.com/LerianStudio/midaz/components/mdz/pkg/cmd/portfolio/update.go:81.8,83.17 2 1
github.com/LerianStudio/midaz/components/mdz/pkg/cmd/portfolio/update.go:83.17,85.4 1 0
github.com/LerianStudio/midaz/components/mdz/pkg/cmd/portfolio/update.go:88.2,89.16 2 1
github.com/LerianStudio/midaz/components/mdz/pkg/cmd/portfolio/update.go:89.16,91.3 1 0
github.com/LerianStudio/midaz/components/mdz/pkg/cmd/portfolio/update.go:93.2,95.12 2 1
github.com/LerianStudio/midaz/components/mdz/pkg/cmd/portfolio/update.go:98.103,102.34 3 1
github.com/LerianStudio/midaz/components/mdz/pkg/cmd/portfolio/update.go:102.34,104.3 1 1
github.com/LerianStudio/midaz/components/mdz/pkg/cmd/portfolio/update.go:106.2,107.70 2 1
github.com/LerianStudio/midaz/components/mdz/pkg/cmd/portfolio/update.go:107.70,109.3 1 0
github.com/LerianStudio/midaz/components/mdz/pkg/cmd/portfolio/update.go:111.2,113.12 2 1
github.com/LerianStudio/midaz/components/mdz/pkg/cmd/portfolio/update.go:116.63,132.2 9 1
github.com/LerianStudio/midaz/components/mdz/pkg/cmd/portfolio/update.go:134.69,140.2 1 0
github.com/LerianStudio/midaz/components/mdz/pkg/cmd/portfolio/update.go:142.70,164.2 3 1
github.com/LerianStudio/midaz/components/mdz/pkg/cmd/product/create.go:35.75,38.74 2 1
github.com/LerianStudio/midaz/components/mdz/pkg/cmd/product/create.go:38.74,40.17 2 1
github.com/LerianStudio/midaz/components/mdz/pkg/cmd/product/create.go:40.17,42.4 1 0
github.com/LerianStudio/midaz/components/mdz/pkg/cmd/product/create.go:44.3,44.24 1 1
github.com/LerianStudio/midaz/components/mdz/pkg/cmd/product/create.go:47.2,47.62 1 1
github.com/LerianStudio/midaz/components/mdz/pkg/cmd/product/create.go:47.62,49.17 2 1
github.com/LerianStudio/midaz/components/mdz/pkg/cmd/product/create.go:49.17,51.4 1 0
github.com/LerianStudio/midaz/components/mdz/pkg/cmd/product/create.go:53.3,53.18 1 1
github.com/LerianStudio/midaz/components/mdz/pkg/cmd/product/create.go:56.2,56.38 1 1
github.com/LerianStudio/midaz/components/mdz/pkg/cmd/product/create.go:56.38,58.17 2 0
github.com/LerianStudio/midaz/components/mdz/pkg/cmd/product/create.go:58.17,62.4 1 0
github.com/LerianStudio/midaz/components/mdz/pkg/cmd/product/create.go:63.8,65.17 2 1
github.com/LerianStudio/midaz/components/mdz/pkg/cmd/product/create.go:65.17,67.4 1 0
github.com/LerianStudio/midaz/components/mdz/pkg/cmd/product/create.go:70.2,71.16 2 1
github.com/LerianStudio/midaz/components/mdz/pkg/cmd/product/create.go:71.16,73.3 1 0
github.com/LerianStudio/midaz/components/mdz/pkg/cmd/product/create.go:75.2,77.12 2 1
github.com/LerianStudio/midaz/components/mdz/pkg/cmd/product/create.go:80.99,84.16 3 1
github.com/LerianStudio/midaz/components/mdz/pkg/cmd/product/create.go:84.16,86.3 1 0
github.com/LerianStudio/midaz/components/mdz/pkg/cmd/product/create.go:88.2,90.28 2 1
github.com/LerianStudio/midaz/components/mdz/pkg/cmd/product/create.go:90.28,92.3 1 1
github.com/LerianStudio/midaz/components/mdz/pkg/cmd/product/create.go:94.2,95.70 2 1
github.com/LerianStudio/midaz/components/mdz/pkg/cmd/product/create.go:95.70,97.3 1 0
github.com/LerianStudio/midaz/components/mdz/pkg/cmd/product/create.go:99.2,101.12 2 1
github.com/LerianStudio/midaz/components/mdz/pkg/cmd/product/create.go:104.61,122.2 8 1
github.com/LerianStudio/midaz/components/mdz/pkg/cmd/product/create.go:124.67,130.2 1 0
github.com/LerianStudio/midaz/components/mdz/pkg/cmd/product/create.go:132.66,154.2 3 1
github.com/LerianStudio/midaz/components/mdz/pkg/cmd/product/delete.go:23.74,24.74 1 1
github.com/LerianStudio/midaz/components/mdz/pkg/cmd/product/delete.go:24.74,26.17 2 1
github.com/LerianStudio/midaz/components/mdz/pkg/cmd/product/delete.go:26.17,28.4 1 0
github.com/LerianStudio/midaz/components/mdz/pkg/cmd/product/delete.go:30.3,30.24 1 1
github.com/LerianStudio/midaz/components/mdz/pkg/cmd/product/delete.go:33.2,33.62 1 1
github.com/LerianStudio/midaz/components/mdz/pkg/cmd/product/delete.go:33.62,35.17 2 1
github.com/LerianStudio/midaz/components/mdz/pkg/cmd/product/delete.go:35.17,37.4 1 0
github.com/LerianStudio/midaz/components/mdz/pkg/cmd/product/delete.go:39.3,39.18 1 1
github.com/LerianStudio/midaz/components/mdz/pkg/cmd/product/delete.go:42.2,42.64 1 1
github.com/LerianStudio/midaz/components/mdz/pkg/cmd/product/delete.go:42.64,44.17 2 1
github.com/LerianStudio/midaz/components/mdz/pkg/cmd/product/delete.go:44.17,46.4 1 0
github.com/LerianStudio/midaz/components/mdz/pkg/cmd/product/delete.go:48.3,48.19 1 1
github.com/LerianStudio/midaz/components/mdz/pkg/cmd/product/delete.go:51.2,51.12 1 1
github.com/LerianStudio/midaz/components/mdz/pkg/cmd/product/delete.go:54.75,55.47 1 1
github.com/LerianStudio/midaz/components/mdz/pkg/cmd/product/delete.go:55.47,57.3 1 0
github.com/LerianStudio/midaz/components/mdz/pkg/cmd/product/delete.go:59.2,60.16 2 1
github.com/LerianStudio/midaz/components/mdz/pkg/cmd/product/delete.go:60.16,62.3 1 0
github.com/LerianStudio/midaz/components/mdz/pkg/cmd/product/delete.go:64.2,66.12 2 1
github.com/LerianStudio/midaz/components/mdz/pkg/cmd/product/delete.go:69.61,74.2 4 1
github.com/LerianStudio/midaz/components/mdz/pkg/cmd/product/delete.go:76.67,82.2 1 0
github.com/LerianStudio/midaz/components/mdz/pkg/cmd/product/delete.go:84.66,105.2 3 1
github.com/LerianStudio/midaz/components/mdz/pkg/cmd/product/describe.go:31.76,32.74 1 1
github.com/LerianStudio/midaz/components/mdz/pkg/cmd/product/describe.go:32.74,34.17 2 1
github.com/LerianStudio/midaz/components/mdz/pkg/cmd/product/describe.go:34.17,36.4 1 0
github.com/LerianStudio/midaz/components/mdz/pkg/cmd/product/describe.go:38.3,38.24 1 1
github.com/LerianStudio/midaz/components/mdz/pkg/cmd/product/describe.go:41.2,41.62 1 1
github.com/LerianStudio/midaz/components/mdz/pkg/cmd/product/describe.go:41.62,43.17 2 1
github.com/LerianStudio/midaz/components/mdz/pkg/cmd/product/describe.go:43.17,45.4 1 0
github.com/LerianStudio/midaz/components/mdz/pkg/cmd/product/describe.go:47.3,47.18 1 1
github.com/LerianStudio/midaz/components/mdz/pkg/cmd/product/describe.go:50.2,50.64 1 1
github.com/LerianStudio/midaz/components/mdz/pkg/cmd/product/describe.go:50.64,52.17 2 1
github.com/LerianStudio/midaz/components/mdz/pkg/cmd/product/describe.go:52.17,54.4 1 0
github.com/LerianStudio/midaz/components/mdz/pkg/cmd/product/describe.go:56.3,56.19 1 1
github.com/LerianStudio/midaz/components/mdz/pkg/cmd/product/describe.go:59.2,59.12 1 1
github.com/LerianStudio/midaz/components/mdz/pkg/cmd/product/describe.go:62.77,63.47 1 1
github.com/LerianStudio/midaz/components/mdz/pkg/cmd/product/describe.go:63.47,65.3 1 0
github.com/LerianStudio/midaz/components/mdz/pkg/cmd/product/describe.go:67.2,68.16 2 1
github.com/LerianStudio/midaz/components/mdz/pkg/cmd/product/describe.go:68.16,70.3 1 0
github.com/LerianStudio/midaz/components/mdz/pkg/cmd/product/describe.go:72.2,72.36 1 1
github.com/LerianStudio/midaz/components/mdz/pkg/cmd/product/describe.go:75.97,76.42 1 1
github.com/LerianStudio/midaz/components/mdz/pkg/cmd/product/describe.go:76.42,78.17 2 0
github.com/LerianStudio/midaz/components/mdz/pkg/cmd/product/describe.go:78.17,80.4 1 0
github.com/LerianStudio/midaz/components/mdz/pkg/cmd/product/describe.go:82.3,82.33 1 0
github.com/LerianStudio/midaz/components/mdz/pkg/cmd/product/describe.go:82.33,83.23 1 0
github.com/LerianStudio/midaz/components/mdz/pkg/cmd/product/describe.go:83.23,85.5 1 0
github.com/LerianStudio/midaz/components/mdz/pkg/cmd/product/describe.go:87.4,88.18 2 0
github.com/LerianStudio/midaz/components/mdz/pkg/cmd/product/describe.go:88.18,90.5 1 0
github.com/LerianStudio/midaz/components/mdz/pkg/cmd/product/describe.go:92.4,94.14 2 0
github.com/LerianStudio/midaz/components/mdz/pkg/cmd/product/describe.go:97.3,99.13 2 0
github.com/LerianStudio/midaz/components/mdz/pkg/cmd/product/describe.go:102.2,104.12 2 1
github.com/LerianStudio/midaz/components/mdz/pkg/cmd/product/describe.go:107.71,110.24 2 1
github.com/LerianStudio/midaz/components/mdz/pkg/cmd/product/describe.go:110.24,114.3 3 1
github.com/LerianStudio/midaz/components/mdz/pkg/cmd/product/describe.go:116.2,122.37 5 1
github.com/LerianStudio/midaz/components/mdz/pkg/cmd/product/describe.go:122.37,124.3 1 1
github.com/LerianStudio/midaz/components/mdz/pkg/cmd/product/describe.go:126.2,131.28 5 1
github.com/LerianStudio/midaz/components/mdz/pkg/cmd/product/describe.go:131.28,133.3 1 0
github.com/LerianStudio/midaz/components/mdz/pkg/cmd/product/describe.go:135.2,137.13 2 1
github.com/LerianStudio/midaz/components/mdz/pkg/cmd/product/describe.go:140.63,147.2 6 1
github.com/LerianStudio/midaz/components/mdz/pkg/cmd/product/describe.go:149.71,155.2 1 0
github.com/LerianStudio/midaz/components/mdz/pkg/cmd/product/describe.go:157.70,178.2 3 1
github.com/LerianStudio/midaz/components/mdz/pkg/cmd/product/list.go:32.73,33.74 1 1
github.com/LerianStudio/midaz/components/mdz/pkg/cmd/product/list.go:33.74,35.17 2 1
github.com/LerianStudio/midaz/components/mdz/pkg/cmd/product/list.go:35.17,37.4 1 0
github.com/LerianStudio/midaz/components/mdz/pkg/cmd/product/list.go:39.3,39.24 1 1
github.com/LerianStudio/midaz/components/mdz/pkg/cmd/product/list.go:42.2,42.62 1 1
github.com/LerianStudio/midaz/components/mdz/pkg/cmd/product/list.go:42.62,44.17 2 1
github.com/LerianStudio/midaz/components/mdz/pkg/cmd/product/list.go:44.17,46.4 1 0
github.com/LerianStudio/midaz/components/mdz/pkg/cmd/product/list.go:48.3,48.18 1 1
github.com/LerianStudio/midaz/components/mdz/pkg/cmd/product/list.go:51.2,51.26 1 1
github.com/LerianStudio/midaz/components/mdz/pkg/cmd/product/list.go:51.26,52.57 1 1
github.com/LerianStudio/midaz/components/mdz/pkg/cmd/product/list.go:52.57,54.4 1 0
github.com/LerianStudio/midaz/components/mdz/pkg/cmd/product/list.go:57.2,57.24 1 1
github.com/LerianStudio/midaz/components/mdz/pkg/cmd/product/list.go:57.24,58.55 1 1
github.com/LerianStudio/midaz/components/mdz/pkg/cmd/product/list.go:58.55,60.4 1 0
github.com/LerianStudio/midaz/components/mdz/pkg/cmd/product/list.go:63.2,65.16 2 1
github.com/LerianStudio/midaz/components/mdz/pkg/cmd/product/list.go:65.16,67.3 1 0
github.com/LerianStudio/midaz/components/mdz/pkg/cmd/product/list.go:69.2,69.12 1 1
github.com/LerianStudio/midaz/components/mdz/pkg/cmd/product/list.go:69.12,71.17 2 0
github.com/LerianStudio/midaz/components/mdz/pkg/cmd/product/list.go:71.17,73.4 1 0
github.com/LerianStudio/midaz/components/mdz/pkg/cmd/product/list.go:75.3,77.13 2 0
github.com/LerianStudio/midaz/components/mdz/pkg/cmd/product/list.go:80.2,88.24 2 1
github.com/LerianStudio/midaz/components/mdz/pkg/cmd/product/list.go:88.24,92.3 3 1
github.com/LerianStudio/midaz/components/mdz/pkg/cmd/product/list.go:94.2,96.37 2 1
github.com/LerianStudio/midaz/components/mdz/pkg/cmd/product/list.go:96.37,104.3 1 1
github.com/LerianStudio/midaz/components/mdz/pkg/cmd/product/list.go:106.2,108.12 2 1
github.com/LerianStudio/midaz/components/mdz/pkg/cmd/product/list.go:111.59,126.2 9 1
github.com/LerianStudio/midaz/components/mdz/pkg/cmd/product/list.go:128.63,134.2 1 0
github.com/LerianStudio/midaz/components/mdz/pkg/cmd/product/list.go:136.62,160.2 3 1
github.com/LerianStudio/midaz/components/mdz/pkg/cmd/product/product.go:14.54,20.2 5 0
github.com/LerianStudio/midaz/components/mdz/pkg/cmd/product/product.go:22.55,44.2 5 0
github.com/LerianStudio/midaz/components/mdz/pkg/cmd/product/update.go:36.74,37.74 1 1
github.com/LerianStudio/midaz/components/mdz/pkg/cmd/product/update.go:37.74,39.17 2 1
github.com/LerianStudio/midaz/components/mdz/pkg/cmd/product/update.go:39.17,41.4 1 0
github.com/LerianStudio/midaz/components/mdz/pkg/cmd/product/update.go:43.3,43.24 1 1
github.com/LerianStudio/midaz/components/mdz/pkg/cmd/product/update.go:46.2,46.62 1 1
github.com/LerianStudio/midaz/components/mdz/pkg/cmd/product/update.go:46.62,48.17 2 1
github.com/LerianStudio/midaz/components/mdz/pkg/cmd/product/update.go:48.17,50.4 1 0
github.com/LerianStudio/midaz/components/mdz/pkg/cmd/product/update.go:52.3,52.18 1 1
github.com/LerianStudio/midaz/components/mdz/pkg/cmd/product/update.go:55.2,55.64 1 1
github.com/LerianStudio/midaz/components/mdz/pkg/cmd/product/update.go:55.64,57.17 2 1
github.com/LerianStudio/midaz/components/mdz/pkg/cmd/product/update.go:57.17,59.4 1 0
github.com/LerianStudio/midaz/components/mdz/pkg/cmd/product/update.go:61.3,61.19 1 1
github.com/LerianStudio/midaz/components/mdz/pkg/cmd/product/update.go:64.2,64.12 1 1
github.com/LerianStudio/midaz/components/mdz/pkg/cmd/product/update.go:67.75,70.47 2 1
github.com/LerianStudio/midaz/components/mdz/pkg/cmd/product/update.go:70.47,72.3 1 0
github.com/LerianStudio/midaz/components/mdz/pkg/cmd/product/update.go:74.2,74.38 1 1
github.com/LerianStudio/midaz/components/mdz/pkg/cmd/product/update.go:74.38,76.17 2 0
github.com/LerianStudio/midaz/components/mdz/pkg/cmd/product/update.go:76.17,80.4 1 0
github.com/LerianStudio/midaz/components/mdz/pkg/cmd/product/update.go:81.8,83.17 2 1
github.com/LerianStudio/midaz/components/mdz/pkg/cmd/product/update.go:83.17,85.4 1 0
github.com/LerianStudio/midaz/components/mdz/pkg/cmd/product/update.go:88.2,89.16 2 1
github.com/LerianStudio/midaz/components/mdz/pkg/cmd/product/update.go:89.16,91.3 1 0
github.com/LerianStudio/midaz/components/mdz/pkg/cmd/product/update.go:93.2,95.12 2 1
github.com/LerianStudio/midaz/components/mdz/pkg/cmd/product/update.go:98.99,102.34 3 1
github.com/LerianStudio/midaz/components/mdz/pkg/cmd/product/update.go:102.34,104.3 1 1
github.com/LerianStudio/midaz/components/mdz/pkg/cmd/product/update.go:106.2,107.70 2 1
github.com/LerianStudio/midaz/components/mdz/pkg/cmd/product/update.go:107.70,109.3 1 0
github.com/LerianStudio/midaz/components/mdz/pkg/cmd/product/update.go:111.2,113.12 2 1
github.com/LerianStudio/midaz/components/mdz/pkg/cmd/product/update.go:116.61,132.2 9 1
github.com/LerianStudio/midaz/components/mdz/pkg/cmd/product/update.go:134.67,140.2 1 0
github.com/LerianStudio/midaz/components/mdz/pkg/cmd/product/update.go:142.66,165.2 3 1
github.com/LerianStudio/midaz/components/mdz/pkg/cmd/root/help.go:20.67,21.93 1 1
github.com/LerianStudio/midaz/components/mdz/pkg/cmd/root/help.go:21.93,24.3 2 0
github.com/LerianStudio/midaz/components/mdz/pkg/cmd/root/help.go:26.2,30.36 4 1
github.com/LerianStudio/midaz/components/mdz/pkg/cmd/root/help.go:34.84,40.39 2 1
github.com/LerianStudio/midaz/components/mdz/pkg/cmd/root/help.go:40.39,41.32 1 1
github.com/LerianStudio/midaz/components/mdz/pkg/cmd/root/help.go:41.32,42.12 1 0
github.com/LerianStudio/midaz/components/mdz/pkg/cmd/root/help.go:45.3,47.42 2 1
github.com/LerianStudio/midaz/components/mdz/pkg/cmd/root/help.go:47.42,48.12 1 0
github.com/LerianStudio/midaz/components/mdz/pkg/cmd/root/help.go:51.3,51.29 1 1
github.com/LerianStudio/midaz/components/mdz/pkg/cmd/root/help.go:51.29,53.4 1 0
github.com/LerianStudio/midaz/components/mdz/pkg/cmd/root/help.go:53.9,55.4 1 1
github.com/LerianStudio/midaz/components/mdz/pkg/cmd/root/help.go:58.2,58.37 1 1
github.com/LerianStudio/midaz/components/mdz/pkg/cmd/root/help.go:62.72,65.30 2 1
github.com/LerianStudio/midaz/components/mdz/pkg/cmd/root/help.go:65.30,67.3 1 1
github.com/LerianStudio/midaz/components/mdz/pkg/cmd/root/help.go:69.2,69.17 1 1
github.com/LerianStudio/midaz/components/mdz/pkg/cmd/root/help.go:73.125,77.20 3 1
github.com/LerianStudio/midaz/components/mdz/pkg/cmd/root/help.go:77.20,79.3 1 0
github.com/LerianStudio/midaz/components/mdz/pkg/cmd/root/help.go:81.2,82.20 2 1
github.com/LerianStudio/midaz/components/mdz/pkg/cmd/root/help.go:82.20,87.3 1 1
github.com/LerianStudio/midaz/components/mdz/pkg/cmd/root/help.go:89.2,94.23 2 1
github.com/LerianStudio/midaz/components/mdz/pkg/cmd/root/help.go:94.23,99.3 1 1
github.com/LerianStudio/midaz/components/mdz/pkg/cmd/root/help.go:101.2,101.27 1 1
github.com/LerianStudio/midaz/components/mdz/pkg/cmd/root/help.go:101.27,106.3 1 1
github.com/LerianStudio/midaz/components/mdz/pkg/cmd/root/help.go:108.2,108.29 1 1
github.com/LerianStudio/midaz/components/mdz/pkg/cmd/root/help.go:108.29,113.3 1 0
github.com/LerianStudio/midaz/components/mdz/pkg/cmd/root/help.go:115.2,116.22 2 1
github.com/LerianStudio/midaz/components/mdz/pkg/cmd/root/help.go:116.22,117.25 1 1
github.com/LerianStudio/midaz/components/mdz/pkg/cmd/root/help.go:117.25,122.4 1 1
github.com/LerianStudio/midaz/components/mdz/pkg/cmd/root/help.go:122.9,127.4 1 0
github.com/LerianStudio/midaz/components/mdz/pkg/cmd/root/help.go:130.2,131.31 2 1
github.com/LerianStudio/midaz/components/mdz/pkg/cmd/root/help.go:131.31,136.3 1 0
github.com/LerianStudio/midaz/components/mdz/pkg/cmd/root/help.go:138.2,143.20 2 1
github.com/LerianStudio/midaz/components/mdz/pkg/cmd/root/help.go:147.83,151.32 2 1
github.com/LerianStudio/midaz/components/mdz/pkg/cmd/root/help.go:151.32,152.20 1 1
github.com/LerianStudio/midaz/components/mdz/pkg/cmd/root/help.go:152.20,155.4 2 1
github.com/LerianStudio/midaz/components/mdz/pkg/cmd/root/help.go:155.9,157.4 1 1
github.com/LerianStudio/midaz/components/mdz/pkg/cmd/root/help.go:159.3,159.20 1 1
github.com/LerianStudio/midaz/components/mdz/pkg/cmd/root/help.go:166.60,171.19 3 0
github.com/LerianStudio/midaz/components/mdz/pkg/cmd/root/help.go:171.19,173.3 1 0
github.com/LerianStudio/midaz/components/mdz/pkg/cmd/root/help.go:173.8,174.46 1 0
github.com/LerianStudio/midaz/components/mdz/pkg/cmd/root/help.go:174.46,176.4 1 0
github.com/LerianStudio/midaz/components/mdz/pkg/cmd/root/help.go:178.3,178.43 1 0
github.com/LerianStudio/midaz/components/mdz/pkg/cmd/root/help.go:181.2,181.25 1 0
github.com/LerianStudio/midaz/components/mdz/pkg/cmd/root/help.go:181.25,184.32 2 0
github.com/LerianStudio/midaz/components/mdz/pkg/cmd/root/help.go:184.32,186.4 1 0
github.com/LerianStudio/midaz/components/mdz/pkg/cmd/root/help.go:189.2,189.21 1 0
github.com/LerianStudio/midaz/components/mdz/pkg/cmd/root/help.go:194.45,196.2 1 1
github.com/LerianStudio/midaz/components/mdz/pkg/cmd/root/help.go:199.41,202.2 2 1
github.com/LerianStudio/midaz/components/mdz/pkg/cmd/root/help.go:205.30,209.26 3 1
github.com/LerianStudio/midaz/components/mdz/pkg/cmd/root/help.go:209.26,210.18 1 1
github.com/LerianStudio/midaz/components/mdz/pkg/cmd/root/help.go:210.18,211.12 1 1
github.com/LerianStudio/midaz/components/mdz/pkg/cmd/root/help.go:214.3,215.44 2 1
github.com/LerianStudio/midaz/components/mdz/pkg/cmd/root/help.go:215.44,217.4 1 1
github.com/LerianStudio/midaz/components/mdz/pkg/cmd/root/help.go:220.2,220.20 1 1
github.com/LerianStudio/midaz/components/mdz/pkg/cmd/root/help.go:220.20,222.3 1 0
github.com/LerianStudio/midaz/components/mdz/pkg/cmd/root/help.go:224.2,225.26 2 1
github.com/LerianStudio/midaz/components/mdz/pkg/cmd/root/help.go:225.26,227.3 1 1
github.com/LerianStudio/midaz/components/mdz/pkg/cmd/root/help.go:229.2,229.47 1 1
github.com/LerianStudio/midaz/components/mdz/pkg/cmd/root/help.go:233.38,236.36 2 1
github.com/LerianStudio/midaz/components/mdz/pkg/cmd/root/help.go:236.36,238.3 1 0
github.com/LerianStudio/midaz/components/mdz/pkg/cmd/root/help.go:240.2,240.50 1 1
github.com/LerianStudio/midaz/components/mdz/pkg/cmd/root/root.go:27.51,37.2 9 1
github.com/LerianStudio/midaz/components/mdz/pkg/cmd/root/root.go:39.52,42.2 2 1
github.com/LerianStudio/midaz/components/mdz/pkg/cmd/root/root.go:44.79,52.21 2 0
github.com/LerianStudio/midaz/components/mdz/pkg/cmd/root/root.go:52.21,54.3 1 0
github.com/LerianStudio/midaz/components/mdz/pkg/cmd/root/root.go:56.2,57.16 2 0
github.com/LerianStudio/midaz/components/mdz/pkg/cmd/root/root.go:57.16,59.3 1 0
github.com/LerianStudio/midaz/components/mdz/pkg/cmd/root/root.go:61.2,61.32 1 0
github.com/LerianStudio/midaz/components/mdz/pkg/cmd/root/root.go:61.32,63.3 1 0
github.com/LerianStudio/midaz/components/mdz/pkg/cmd/root/root.go:65.2,65.36 1 0
github.com/LerianStudio/midaz/components/mdz/pkg/cmd/root/root.go:65.36,67.3 1 0
github.com/LerianStudio/midaz/components/mdz/pkg/cmd/root/root.go:69.2,69.34 1 0
github.com/LerianStudio/midaz/components/mdz/pkg/cmd/root/root.go:69.34,71.3 1 0
github.com/LerianStudio/midaz/components/mdz/pkg/cmd/root/root.go:73.2,73.36 1 0
github.com/LerianStudio/midaz/components/mdz/pkg/cmd/root/root.go:73.36,75.3 1 0
github.com/LerianStudio/midaz/components/mdz/pkg/cmd/root/root.go:77.2,77.25 1 0
github.com/LerianStudio/midaz/components/mdz/pkg/cmd/root/root.go:77.25,79.3 1 0
github.com/LerianStudio/midaz/components/mdz/pkg/cmd/root/root.go:81.2,81.12 1 0
github.com/LerianStudio/midaz/components/mdz/pkg/cmd/root/root.go:84.52,111.58 6 1
github.com/LerianStudio/midaz/components/mdz/pkg/cmd/root/root.go:111.58,113.3 1 1
github.com/LerianStudio/midaz/components/mdz/pkg/cmd/root/root.go:115.2,119.12 4 1
